{"C:\\Users\\david\\Documents\\projets\\lapasserelle2\\Projet_fin_formation\\bio_ecommerce\\backend\\app.js": {"path":"C:\\Users\\david\\Documents\\projets\\lapasserelle2\\Projet_fin_formation\\bio_ecommerce\\backend\\app.js","statementMap":{"0":{"start":{"line":1,"column":16},"end":{"line":1,"column":34}},"1":{"start":{"line":2,"column":12},"end":{"line":2,"column":21}},"2":{"start":{"line":3,"column":13},"end":{"line":3,"column":28}},"3":{"start":{"line":4,"column":21},"end":{"line":4,"column":45}},"4":{"start":{"line":6,"column":0},"end":{"line":6,"column":27}},"5":{"start":{"line":8,"column":0},"end":{"line":8,"column":24}},"6":{"start":{"line":11,"column":0},"end":{"line":11,"column":24}},"7":{"start":{"line":14,"column":0},"end":{"line":14,"column":48}},"8":{"start":{"line":20,"column":25},"end":{"line":20,"column":68}},"9":{"start":{"line":21,"column":0},"end":{"line":21,"column":41}},"10":{"start":{"line":24,"column":23},"end":{"line":24,"column":64}},"11":{"start":{"line":25,"column":0},"end":{"line":25,"column":37}},"12":{"start":{"line":28,"column":20},"end":{"line":28,"column":58}},"13":{"start":{"line":29,"column":0},"end":{"line":29,"column":31}},"14":{"start":{"line":32,"column":24},"end":{"line":32,"column":66}},"15":{"start":{"line":33,"column":0},"end":{"line":33,"column":39}},"16":{"start":{"line":36,"column":24},"end":{"line":36,"column":66}},"17":{"start":{"line":37,"column":0},"end":{"line":37,"column":39}},"18":{"start":{"line":40,"column":20},"end":{"line":40,"column":58}},"19":{"start":{"line":41,"column":0},"end":{"line":41,"column":31}},"20":{"start":{"line":44,"column":0},"end":{"line":44,"column":56}},"21":{"start":{"line":46,"column":0},"end":{"line":56,"column":1}},"22":{"start":{"line":47,"column":4},"end":{"line":47,"column":71}},"23":{"start":{"line":49,"column":4},"end":{"line":53,"column":6}},"24":{"start":{"line":50,"column":8},"end":{"line":52,"column":9}},"25":{"start":{"line":55,"column":4},"end":{"line":55,"column":69}},"26":{"start":{"line":55,"column":31},"end":{"line":55,"column":67}},"27":{"start":{"line":58,"column":0},"end":{"line":58,"column":21}}},"fnMap":{"0":{"name":"(anonymous_0)","decl":{"start":{"line":49,"column":17},"end":{"line":49,"column":18}},"loc":{"start":{"line":50,"column":8},"end":{"line":52,"column":9}},"line":50},"1":{"name":"(anonymous_1)","decl":{"start":{"line":55,"column":17},"end":{"line":55,"column":18}},"loc":{"start":{"line":55,"column":31},"end":{"line":55,"column":67}},"line":55}},"branchMap":{"0":{"loc":{"start":{"line":46,"column":0},"end":{"line":56,"column":1}},"type":"if","locations":[{"start":{"line":46,"column":0},"end":{"line":56,"column":1}},{"start":{"line":54,"column":7},"end":{"line":56,"column":1}}],"line":46}},"s":{"0":1,"1":1,"2":1,"3":1,"4":1,"5":1,"6":1,"7":1,"8":1,"9":1,"10":1,"11":1,"12":1,"13":1,"14":1,"15":1,"16":1,"17":1,"18":1,"19":1,"20":1,"21":1,"22":0,"23":0,"24":0,"25":1,"26":0,"27":1},"f":{"0":0,"1":0},"b":{"0":[0,1]},"_coverageSchema":"1a1c01bbd47fc00a2c39e90264f33305004495a9","hash":"5ce09d351557215b4af7a093cf283a43f97d6f2c"}
,"C:\\Users\\david\\Documents\\projets\\lapasserelle2\\Projet_fin_formation\\bio_ecommerce\\backend\\app\\routes\\addresses.route.js": {"path":"C:\\Users\\david\\Documents\\projets\\lapasserelle2\\Projet_fin_formation\\bio_ecommerce\\backend\\app\\routes\\addresses.route.js","statementMap":{"0":{"start":{"line":1,"column":16},"end":{"line":1,"column":34}},"1":{"start":{"line":2,"column":15},"end":{"line":2,"column":31}},"2":{"start":{"line":3,"column":19},"end":{"line":3,"column":72}},"3":{"start":{"line":4,"column":35},"end":{"line":4,"column":85}},"4":{"start":{"line":5,"column":29},"end":{"line":5,"column":81}},"5":{"start":{"line":6,"column":18},"end":{"line":6,"column":46}},"6":{"start":{"line":9,"column":0},"end":{"line":9,"column":62}},"7":{"start":{"line":11,"column":0},"end":{"line":11,"column":86}},"8":{"start":{"line":13,"column":0},"end":{"line":13,"column":87}},"9":{"start":{"line":15,"column":0},"end":{"line":15,"column":24}}},"fnMap":{},"branchMap":{},"s":{"0":1,"1":1,"2":1,"3":1,"4":1,"5":1,"6":1,"7":1,"8":1,"9":1},"f":{},"b":{},"_coverageSchema":"1a1c01bbd47fc00a2c39e90264f33305004495a9","hash":"96e67bc88f4b9fbdd649489daff1adf2ae398b23"}
,"C:\\Users\\david\\Documents\\projets\\lapasserelle2\\Projet_fin_formation\\bio_ecommerce\\backend\\app\\routes\\admin.route.js": {"path":"C:\\Users\\david\\Documents\\projets\\lapasserelle2\\Projet_fin_formation\\bio_ecommerce\\backend\\app\\routes\\admin.route.js","statementMap":{"0":{"start":{"line":1,"column":16},"end":{"line":1,"column":34}},"1":{"start":{"line":2,"column":15},"end":{"line":2,"column":31}},"2":{"start":{"line":3,"column":19},"end":{"line":3,"column":70}},"3":{"start":{"line":4,"column":23},"end":{"line":4,"column":73}},"4":{"start":{"line":6,"column":0},"end":{"line":6,"column":70}},"5":{"start":{"line":7,"column":0},"end":{"line":7,"column":24}}},"fnMap":{},"branchMap":{},"s":{"0":1,"1":1,"2":1,"3":1,"4":1,"5":1},"f":{},"b":{},"_coverageSchema":"1a1c01bbd47fc00a2c39e90264f33305004495a9","hash":"86fd5ee899470b8f18fbf89bcf94f7face806a61"}
,"C:\\Users\\david\\Documents\\projets\\lapasserelle2\\Projet_fin_formation\\bio_ecommerce\\backend\\app\\routes\\categories.route.js": {"path":"C:\\Users\\david\\Documents\\projets\\lapasserelle2\\Projet_fin_formation\\bio_ecommerce\\backend\\app\\routes\\categories.route.js","statementMap":{"0":{"start":{"line":1,"column":16},"end":{"line":1,"column":34}},"1":{"start":{"line":2,"column":15},"end":{"line":2,"column":31}},"2":{"start":{"line":3,"column":19},"end":{"line":3,"column":73}},"3":{"start":{"line":4,"column":23},"end":{"line":4,"column":73}},"4":{"start":{"line":5,"column":33},"end":{"line":5,"column":85}},"5":{"start":{"line":6,"column":18},"end":{"line":6,"column":46}},"6":{"start":{"line":9,"column":0},"end":{"line":9,"column":44}},"7":{"start":{"line":11,"column":0},"end":{"line":11,"column":76}},"8":{"start":{"line":13,"column":0},"end":{"line":13,"column":90}},"9":{"start":{"line":15,"column":0},"end":{"line":15,"column":109}},"10":{"start":{"line":17,"column":0},"end":{"line":17,"column":75}},"11":{"start":{"line":19,"column":0},"end":{"line":19,"column":71}},"12":{"start":{"line":20,"column":0},"end":{"line":20,"column":24}}},"fnMap":{},"branchMap":{},"s":{"0":1,"1":1,"2":1,"3":1,"4":1,"5":1,"6":1,"7":1,"8":1,"9":1,"10":1,"11":1,"12":1},"f":{},"b":{},"_coverageSchema":"1a1c01bbd47fc00a2c39e90264f33305004495a9","hash":"7b7ef7ddcce1b5676b8240fa7cf4151f481a3503"}
,"C:\\Users\\david\\Documents\\projets\\lapasserelle2\\Projet_fin_formation\\bio_ecommerce\\backend\\app\\routes\\commandes.route.js": {"path":"C:\\Users\\david\\Documents\\projets\\lapasserelle2\\Projet_fin_formation\\bio_ecommerce\\backend\\app\\routes\\commandes.route.js","statementMap":{"0":{"start":{"line":1,"column":16},"end":{"line":1,"column":34}},"1":{"start":{"line":2,"column":15},"end":{"line":2,"column":31}},"2":{"start":{"line":3,"column":19},"end":{"line":3,"column":73}},"3":{"start":{"line":4,"column":35},"end":{"line":4,"column":85}},"4":{"start":{"line":5,"column":45},"end":{"line":5,"column":97}},"5":{"start":{"line":6,"column":18},"end":{"line":6,"column":46}},"6":{"start":{"line":9,"column":0},"end":{"line":9,"column":58}},"7":{"start":{"line":11,"column":0},"end":{"line":11,"column":79}},"8":{"start":{"line":13,"column":0},"end":{"line":13,"column":99}},"9":{"start":{"line":15,"column":0},"end":{"line":15,"column":58}},"10":{"start":{"line":17,"column":0},"end":{"line":17,"column":103}},"11":{"start":{"line":19,"column":0},"end":{"line":19,"column":129}},"12":{"start":{"line":22,"column":0},"end":{"line":22,"column":24}}},"fnMap":{},"branchMap":{},"s":{"0":1,"1":1,"2":1,"3":1,"4":1,"5":1,"6":1,"7":1,"8":1,"9":1,"10":1,"11":1,"12":1},"f":{},"b":{},"_coverageSchema":"1a1c01bbd47fc00a2c39e90264f33305004495a9","hash":"79e6e258c9c8797f25b5343d14ff5f298c8d7369"}
,"C:\\Users\\david\\Documents\\projets\\lapasserelle2\\Projet_fin_formation\\bio_ecommerce\\backend\\app\\routes\\products.route.js": {"path":"C:\\Users\\david\\Documents\\projets\\lapasserelle2\\Projet_fin_formation\\bio_ecommerce\\backend\\app\\routes\\products.route.js","statementMap":{"0":{"start":{"line":1,"column":16},"end":{"line":1,"column":34}},"1":{"start":{"line":2,"column":15},"end":{"line":2,"column":31}},"2":{"start":{"line":3,"column":19},"end":{"line":3,"column":72}},"3":{"start":{"line":4,"column":23},"end":{"line":4,"column":73}},"4":{"start":{"line":5,"column":48},"end":{"line":5,"column":100}},"5":{"start":{"line":6,"column":18},"end":{"line":6,"column":46}},"6":{"start":{"line":7,"column":15},"end":{"line":7,"column":32}},"7":{"start":{"line":9,"column":16},"end":{"line":9,"column":38}},"8":{"start":{"line":10,"column":15},"end":{"line":10,"column":83}},"9":{"start":{"line":13,"column":0},"end":{"line":13,"column":69}},"10":{"start":{"line":15,"column":0},"end":{"line":15,"column":81}},"11":{"start":{"line":19,"column":0},"end":{"line":19,"column":101}},"12":{"start":{"line":22,"column":0},"end":{"line":22,"column":75}},"13":{"start":{"line":24,"column":0},"end":{"line":24,"column":44}},"14":{"start":{"line":26,"column":0},"end":{"line":26,"column":105}},"15":{"start":{"line":27,"column":0},"end":{"line":27,"column":24}}},"fnMap":{},"branchMap":{},"s":{"0":1,"1":1,"2":1,"3":1,"4":1,"5":1,"6":1,"7":1,"8":1,"9":1,"10":1,"11":1,"12":1,"13":1,"14":1,"15":1},"f":{},"b":{},"_coverageSchema":"1a1c01bbd47fc00a2c39e90264f33305004495a9","hash":"43b38d07b13b29dd25b6023b12b1d90d62fde09a"}
,"C:\\Users\\david\\Documents\\projets\\lapasserelle2\\Projet_fin_formation\\bio_ecommerce\\backend\\app\\routes\\users.route.js": {"path":"C:\\Users\\david\\Documents\\projets\\lapasserelle2\\Projet_fin_formation\\bio_ecommerce\\backend\\app\\routes\\users.route.js","statementMap":{"0":{"start":{"line":1,"column":16},"end":{"line":1,"column":34}},"1":{"start":{"line":2,"column":15},"end":{"line":2,"column":31}},"2":{"start":{"line":3,"column":19},"end":{"line":3,"column":69}},"3":{"start":{"line":4,"column":23},"end":{"line":4,"column":80}},"4":{"start":{"line":5,"column":27},"end":{"line":5,"column":78}},"5":{"start":{"line":6,"column":33},"end":{"line":6,"column":83}},"6":{"start":{"line":7,"column":41},"end":{"line":7,"column":93}},"7":{"start":{"line":8,"column":18},"end":{"line":8,"column":46}},"8":{"start":{"line":11,"column":0},"end":{"line":11,"column":46}},"9":{"start":{"line":13,"column":0},"end":{"line":13,"column":61}},"10":{"start":{"line":15,"column":0},"end":{"line":15,"column":68}},"11":{"start":{"line":17,"column":0},"end":{"line":17,"column":56}},"12":{"start":{"line":19,"column":0},"end":{"line":19,"column":58}},"13":{"start":{"line":25,"column":0},"end":{"line":25,"column":70}},"14":{"start":{"line":27,"column":0},"end":{"line":27,"column":90}},"15":{"start":{"line":29,"column":0},"end":{"line":29,"column":24}}},"fnMap":{},"branchMap":{},"s":{"0":1,"1":1,"2":1,"3":1,"4":1,"5":1,"6":1,"7":1,"8":1,"9":1,"10":1,"11":1,"12":1,"13":1,"14":1,"15":1},"f":{},"b":{},"_coverageSchema":"1a1c01bbd47fc00a2c39e90264f33305004495a9","hash":"c067860a9840dfbcbc3caf98a7209fb3816aec3f"}
,"C:\\Users\\david\\Documents\\projets\\lapasserelle2\\Projet_fin_formation\\bio_ecommerce\\backend\\models\\address.js": {"path":"C:\\Users\\david\\Documents\\projets\\lapasserelle2\\Projet_fin_formation\\bio_ecommerce\\backend\\models\\address.js","statementMap":{"0":{"start":{"line":4,"column":4},"end":{"line":4,"column":24}},"1":{"start":{"line":5,"column":0},"end":{"line":79,"column":2}},"2":{"start":{"line":15,"column":6},"end":{"line":15,"column":36}},"3":{"start":{"line":16,"column":6},"end":{"line":16,"column":97}},"4":{"start":{"line":17,"column":6},"end":{"line":17,"column":95}},"5":{"start":{"line":21,"column":2},"end":{"line":60,"column":5}},"6":{"start":{"line":57,"column":8},"end":{"line":57,"column":35}},"7":{"start":{"line":78,"column":2},"end":{"line":78,"column":17}}},"fnMap":{"0":{"name":"(anonymous_0)","decl":{"start":{"line":5,"column":17},"end":{"line":5,"column":18}},"loc":{"start":{"line":5,"column":43},"end":{"line":79,"column":1}},"line":5},"1":{"name":"(anonymous_1)","decl":{"start":{"line":12,"column":4},"end":{"line":12,"column":5}},"loc":{"start":{"line":12,"column":29},"end":{"line":19,"column":5}},"line":12},"2":{"name":"(anonymous_2)","decl":{"start":{"line":56,"column":17},"end":{"line":56,"column":18}},"loc":{"start":{"line":56,"column":35},"end":{"line":58,"column":7}},"line":56}},"branchMap":{},"s":{"0":2,"1":2,"2":2,"3":2,"4":2,"5":2,"6":0,"7":2},"f":{"0":2,"1":2,"2":0},"b":{},"_coverageSchema":"1a1c01bbd47fc00a2c39e90264f33305004495a9","hash":"7d8401920c9ed9e771a820663f2287281d13f883"}
,"C:\\Users\\david\\Documents\\projets\\lapasserelle2\\Projet_fin_formation\\bio_ecommerce\\backend\\models\\category.js": {"path":"C:\\Users\\david\\Documents\\projets\\lapasserelle2\\Projet_fin_formation\\bio_ecommerce\\backend\\models\\category.js","statementMap":{"0":{"start":{"line":4,"column":4},"end":{"line":4,"column":24}},"1":{"start":{"line":5,"column":0},"end":{"line":46,"column":2}},"2":{"start":{"line":14,"column":6},"end":{"line":14,"column":38}},"3":{"start":{"line":17,"column":2},"end":{"line":44,"column":5}},"4":{"start":{"line":45,"column":2},"end":{"line":45,"column":18}}},"fnMap":{"0":{"name":"(anonymous_0)","decl":{"start":{"line":5,"column":17},"end":{"line":5,"column":18}},"loc":{"start":{"line":5,"column":43},"end":{"line":46,"column":1}},"line":5},"1":{"name":"(anonymous_1)","decl":{"start":{"line":12,"column":4},"end":{"line":12,"column":5}},"loc":{"start":{"line":12,"column":29},"end":{"line":15,"column":5}},"line":12}},"branchMap":{},"s":{"0":2,"1":2,"2":2,"3":2,"4":2},"f":{"0":2,"1":2},"b":{},"_coverageSchema":"1a1c01bbd47fc00a2c39e90264f33305004495a9","hash":"926196ad16fc3f8f6f07e1b064da3a76748f0a9c"}
,"C:\\Users\\david\\Documents\\projets\\lapasserelle2\\Projet_fin_formation\\bio_ecommerce\\backend\\models\\commande.js": {"path":"C:\\Users\\david\\Documents\\projets\\lapasserelle2\\Projet_fin_formation\\bio_ecommerce\\backend\\models\\commande.js","statementMap":{"0":{"start":{"line":2,"column":18},"end":{"line":2,"column":38}},"1":{"start":{"line":3,"column":0},"end":{"line":69,"column":2}},"2":{"start":{"line":12,"column":6},"end":{"line":16,"column":8}},"3":{"start":{"line":17,"column":6},"end":{"line":21,"column":9}},"4":{"start":{"line":22,"column":6},"end":{"line":26,"column":9}},"5":{"start":{"line":27,"column":6},"end":{"line":27,"column":44}},"6":{"start":{"line":30,"column":2},"end":{"line":67,"column":5}},"7":{"start":{"line":68,"column":2},"end":{"line":68,"column":18}}},"fnMap":{"0":{"name":"(anonymous_0)","decl":{"start":{"line":3,"column":17},"end":{"line":3,"column":18}},"loc":{"start":{"line":3,"column":43},"end":{"line":69,"column":1}},"line":3},"1":{"name":"(anonymous_1)","decl":{"start":{"line":10,"column":4},"end":{"line":10,"column":5}},"loc":{"start":{"line":10,"column":29},"end":{"line":28,"column":5}},"line":10}},"branchMap":{},"s":{"0":2,"1":2,"2":2,"3":2,"4":2,"5":2,"6":2,"7":2},"f":{"0":2,"1":2},"b":{},"_coverageSchema":"1a1c01bbd47fc00a2c39e90264f33305004495a9","hash":"a817a1c71417b4dc3eb3e42cd12251bef5911a50"}
,"C:\\Users\\david\\Documents\\projets\\lapasserelle2\\Projet_fin_formation\\bio_ecommerce\\backend\\models\\commande_line.js": {"path":"C:\\Users\\david\\Documents\\projets\\lapasserelle2\\Projet_fin_formation\\bio_ecommerce\\backend\\models\\commande_line.js","statementMap":{"0":{"start":{"line":4,"column":4},"end":{"line":4,"column":24}},"1":{"start":{"line":5,"column":0},"end":{"line":48,"column":2}},"2":{"start":{"line":14,"column":6},"end":{"line":14,"column":46}},"3":{"start":{"line":15,"column":6},"end":{"line":15,"column":45}},"4":{"start":{"line":19,"column":2},"end":{"line":46,"column":5}},"5":{"start":{"line":47,"column":2},"end":{"line":47,"column":23}}},"fnMap":{"0":{"name":"(anonymous_0)","decl":{"start":{"line":5,"column":17},"end":{"line":5,"column":18}},"loc":{"start":{"line":5,"column":43},"end":{"line":48,"column":1}},"line":5},"1":{"name":"(anonymous_1)","decl":{"start":{"line":12,"column":4},"end":{"line":12,"column":5}},"loc":{"start":{"line":12,"column":29},"end":{"line":17,"column":5}},"line":12}},"branchMap":{},"s":{"0":2,"1":2,"2":2,"3":2,"4":2,"5":2},"f":{"0":2,"1":2},"b":{},"_coverageSchema":"1a1c01bbd47fc00a2c39e90264f33305004495a9","hash":"799c6fed88afbe4f9a39136418aef6945d01716f"}
,"C:\\Users\\david\\Documents\\projets\\lapasserelle2\\Projet_fin_formation\\bio_ecommerce\\backend\\models\\image.js": {"path":"C:\\Users\\david\\Documents\\projets\\lapasserelle2\\Projet_fin_formation\\bio_ecommerce\\backend\\models\\image.js","statementMap":{"0":{"start":{"line":4,"column":4},"end":{"line":4,"column":24}},"1":{"start":{"line":5,"column":0},"end":{"line":41,"column":2}},"2":{"start":{"line":14,"column":6},"end":{"line":14,"column":37}},"3":{"start":{"line":17,"column":2},"end":{"line":39,"column":5}},"4":{"start":{"line":40,"column":2},"end":{"line":40,"column":15}}},"fnMap":{"0":{"name":"(anonymous_0)","decl":{"start":{"line":5,"column":17},"end":{"line":5,"column":18}},"loc":{"start":{"line":5,"column":43},"end":{"line":41,"column":1}},"line":5},"1":{"name":"(anonymous_1)","decl":{"start":{"line":12,"column":4},"end":{"line":12,"column":5}},"loc":{"start":{"line":12,"column":29},"end":{"line":15,"column":5}},"line":12}},"branchMap":{},"s":{"0":2,"1":2,"2":2,"3":2,"4":2},"f":{"0":2,"1":2},"b":{},"_coverageSchema":"1a1c01bbd47fc00a2c39e90264f33305004495a9","hash":"32c17fc21b7f56f49dd99ca3bf11a8db10d6a2e8"}
,"C:\\Users\\david\\Documents\\projets\\lapasserelle2\\Projet_fin_formation\\bio_ecommerce\\backend\\models\\index.js": {"path":"C:\\Users\\david\\Documents\\projets\\lapasserelle2\\Projet_fin_formation\\bio_ecommerce\\backend\\models\\index.js","statementMap":{"0":{"start":{"line":3,"column":11},"end":{"line":3,"column":24}},"1":{"start":{"line":4,"column":13},"end":{"line":4,"column":28}},"2":{"start":{"line":5,"column":18},"end":{"line":5,"column":38}},"3":{"start":{"line":6,"column":16},"end":{"line":6,"column":34}},"4":{"start":{"line":7,"column":17},"end":{"line":7,"column":42}},"5":{"start":{"line":8,"column":12},"end":{"line":8,"column":49}},"6":{"start":{"line":9,"column":15},"end":{"line":9,"column":65}},"7":{"start":{"line":10,"column":11},"end":{"line":10,"column":13}},"8":{"start":{"line":14,"column":0},"end":{"line":20,"column":1}},"9":{"start":{"line":15,"column":2},"end":{"line":15,"column":74}},"10":{"start":{"line":18,"column":2},"end":{"line":18,"column":87}},"11":{"start":{"line":21,"column":0},"end":{"line":27,"column":5}},"12":{"start":{"line":28,"column":0},"end":{"line":28,"column":34}},"13":{"start":{"line":29,"column":0},"end":{"line":42,"column":5}},"14":{"start":{"line":32,"column":4},"end":{"line":37,"column":6}},"15":{"start":{"line":40,"column":18},"end":{"line":40,"column":85}},"16":{"start":{"line":41,"column":4},"end":{"line":41,"column":27}},"17":{"start":{"line":44,"column":0},"end":{"line":48,"column":3}},"18":{"start":{"line":45,"column":2},"end":{"line":47,"column":3}},"19":{"start":{"line":46,"column":4},"end":{"line":46,"column":32}},"20":{"start":{"line":50,"column":0},"end":{"line":50,"column":25}},"21":{"start":{"line":51,"column":0},"end":{"line":51,"column":25}},"22":{"start":{"line":53,"column":0},"end":{"line":53,"column":20}}},"fnMap":{"0":{"name":"(anonymous_0)","decl":{"start":{"line":22,"column":8},"end":{"line":22,"column":9}},"loc":{"start":{"line":22,"column":14},"end":{"line":24,"column":3}},"line":22},"1":{"name":"(anonymous_1)","decl":{"start":{"line":25,"column":9},"end":{"line":25,"column":10}},"loc":{"start":{"line":25,"column":20},"end":{"line":27,"column":3}},"line":25},"2":{"name":"(anonymous_2)","decl":{"start":{"line":31,"column":10},"end":{"line":31,"column":11}},"loc":{"start":{"line":31,"column":18},"end":{"line":38,"column":3}},"line":31},"3":{"name":"(anonymous_3)","decl":{"start":{"line":39,"column":11},"end":{"line":39,"column":12}},"loc":{"start":{"line":39,"column":19},"end":{"line":42,"column":3}},"line":39},"4":{"name":"(anonymous_4)","decl":{"start":{"line":44,"column":24},"end":{"line":44,"column":25}},"loc":{"start":{"line":44,"column":37},"end":{"line":48,"column":1}},"line":44}},"branchMap":{"0":{"loc":{"start":{"line":8,"column":12},"end":{"line":8,"column":49}},"type":"binary-expr","locations":[{"start":{"line":8,"column":12},"end":{"line":8,"column":32}},{"start":{"line":8,"column":36},"end":{"line":8,"column":49}}],"line":8},"1":{"loc":{"start":{"line":14,"column":0},"end":{"line":20,"column":1}},"type":"if","locations":[{"start":{"line":14,"column":0},"end":{"line":20,"column":1}},{"start":{"line":17,"column":7},"end":{"line":20,"column":1}}],"line":14},"2":{"loc":{"start":{"line":33,"column":6},"end":{"line":36,"column":37}},"type":"binary-expr","locations":[{"start":{"line":33,"column":6},"end":{"line":33,"column":29}},{"start":{"line":34,"column":6},"end":{"line":34,"column":23}},{"start":{"line":35,"column":6},"end":{"line":35,"column":30}},{"start":{"line":36,"column":6},"end":{"line":36,"column":37}}],"line":33},"3":{"loc":{"start":{"line":45,"column":2},"end":{"line":47,"column":3}},"type":"if","locations":[{"start":{"line":45,"column":2},"end":{"line":47,"column":3}},{"start":{},"end":{}}],"line":45}},"s":{"0":2,"1":2,"2":2,"3":2,"4":2,"5":2,"6":2,"7":2,"8":2,"9":0,"10":2,"11":2,"12":2,"13":2,"14":18,"15":16,"16":16,"17":2,"18":16,"19":16,"20":2,"21":2,"22":2},"f":{"0":0,"1":1,"2":18,"3":16,"4":16},"b":{"0":[2,0],"1":[0,2],"2":[18,18,16,16],"3":[16,0]},"_coverageSchema":"1a1c01bbd47fc00a2c39e90264f33305004495a9","hash":"ae9bfde1afce633f0ad87e2f39fa146340db19e1"}
,"C:\\Users\\david\\Documents\\projets\\lapasserelle2\\Projet_fin_formation\\bio_ecommerce\\backend\\models\\product.js": {"path":"C:\\Users\\david\\Documents\\projets\\lapasserelle2\\Projet_fin_formation\\bio_ecommerce\\backend\\models\\product.js","statementMap":{"0":{"start":{"line":2,"column":18},"end":{"line":2,"column":38}},"1":{"start":{"line":3,"column":0},"end":{"line":54,"column":2}},"2":{"start":{"line":12,"column":6},"end":{"line":12,"column":40}},"3":{"start":{"line":13,"column":6},"end":{"line":13,"column":35}},"4":{"start":{"line":14,"column":6},"end":{"line":14,"column":43}},"5":{"start":{"line":17,"column":2},"end":{"line":52,"column":5}},"6":{"start":{"line":53,"column":2},"end":{"line":53,"column":17}}},"fnMap":{"0":{"name":"(anonymous_0)","decl":{"start":{"line":3,"column":17},"end":{"line":3,"column":18}},"loc":{"start":{"line":3,"column":43},"end":{"line":54,"column":1}},"line":3},"1":{"name":"(anonymous_1)","decl":{"start":{"line":10,"column":4},"end":{"line":10,"column":5}},"loc":{"start":{"line":10,"column":29},"end":{"line":15,"column":5}},"line":10}},"branchMap":{},"s":{"0":2,"1":2,"2":2,"3":2,"4":2,"5":2,"6":2},"f":{"0":2,"1":2},"b":{},"_coverageSchema":"1a1c01bbd47fc00a2c39e90264f33305004495a9","hash":"ec6d05204a33f1178e1fbf4f38448660a7002fd3"}
,"C:\\Users\\david\\Documents\\projets\\lapasserelle2\\Projet_fin_formation\\bio_ecommerce\\backend\\models\\reset_password.js": {"path":"C:\\Users\\david\\Documents\\projets\\lapasserelle2\\Projet_fin_formation\\bio_ecommerce\\backend\\models\\reset_password.js","statementMap":{"0":{"start":{"line":4,"column":4},"end":{"line":4,"column":24}},"1":{"start":{"line":5,"column":0},"end":{"line":39,"column":2}},"2":{"start":{"line":14,"column":6},"end":{"line":14,"column":43}},"3":{"start":{"line":17,"column":2},"end":{"line":37,"column":5}},"4":{"start":{"line":38,"column":2},"end":{"line":38,"column":24}}},"fnMap":{"0":{"name":"(anonymous_0)","decl":{"start":{"line":5,"column":17},"end":{"line":5,"column":18}},"loc":{"start":{"line":5,"column":43},"end":{"line":39,"column":1}},"line":5},"1":{"name":"(anonymous_1)","decl":{"start":{"line":12,"column":4},"end":{"line":12,"column":5}},"loc":{"start":{"line":12,"column":29},"end":{"line":15,"column":5}},"line":12}},"branchMap":{},"s":{"0":2,"1":2,"2":2,"3":2,"4":2},"f":{"0":2,"1":2},"b":{},"_coverageSchema":"1a1c01bbd47fc00a2c39e90264f33305004495a9","hash":"27309d05ad8897fab9ffe44fb5612c8404bf60db"}
,"C:\\Users\\david\\Documents\\projets\\lapasserelle2\\Projet_fin_formation\\bio_ecommerce\\backend\\models\\user.js": {"path":"C:\\Users\\david\\Documents\\projets\\lapasserelle2\\Projet_fin_formation\\bio_ecommerce\\backend\\models\\user.js","statementMap":{"0":{"start":{"line":2,"column":15},"end":{"line":2,"column":32}},"1":{"start":{"line":5,"column":4},"end":{"line":5,"column":24}},"2":{"start":{"line":6,"column":0},"end":{"line":73,"column":2}},"3":{"start":{"line":15,"column":6},"end":{"line":15,"column":34}},"4":{"start":{"line":16,"column":6},"end":{"line":16,"column":41}},"5":{"start":{"line":17,"column":6},"end":{"line":17,"column":35}},"6":{"start":{"line":20,"column":2},"end":{"line":71,"column":5}},"7":{"start":{"line":55,"column":21},"end":{"line":55,"column":43}},"8":{"start":{"line":56,"column":31},"end":{"line":56,"column":59}},"9":{"start":{"line":57,"column":8},"end":{"line":57,"column":54}},"10":{"start":{"line":72,"column":2},"end":{"line":72,"column":14}}},"fnMap":{"0":{"name":"(anonymous_0)","decl":{"start":{"line":6,"column":17},"end":{"line":6,"column":18}},"loc":{"start":{"line":6,"column":43},"end":{"line":73,"column":1}},"line":6},"1":{"name":"(anonymous_1)","decl":{"start":{"line":13,"column":4},"end":{"line":13,"column":5}},"loc":{"start":{"line":13,"column":29},"end":{"line":18,"column":5}},"line":13},"2":{"name":"(anonymous_2)","decl":{"start":{"line":53,"column":6},"end":{"line":53,"column":7}},"loc":{"start":{"line":53,"column":17},"end":{"line":58,"column":7}},"line":53}},"branchMap":{},"s":{"0":2,"1":2,"2":2,"3":2,"4":2,"5":2,"6":2,"7":0,"8":0,"9":0,"10":2},"f":{"0":2,"1":2,"2":0},"b":{},"_coverageSchema":"1a1c01bbd47fc00a2c39e90264f33305004495a9","hash":"db3193f1b8a0d404a74c7a69c076095eb360054d"}
,"C:\\Users\\david\\Documents\\projets\\lapasserelle2\\Projet_fin_formation\\bio_ecommerce\\backend\\src\\controllers\\AddressController.js": {"path":"C:\\Users\\david\\Documents\\projets\\lapasserelle2\\Projet_fin_formation\\bio_ecommerce\\backend\\src\\controllers\\AddressController.js","statementMap":{"0":{"start":{"line":1,"column":18},"end":{"line":1,"column":38}},"1":{"start":{"line":2,"column":11},"end":{"line":2,"column":40}},"2":{"start":{"line":3,"column":60},"end":{"line":3,"column":83}},"3":{"start":{"line":4,"column":42},"end":{"line":4,"column":70}},"4":{"start":{"line":5,"column":49},"end":{"line":5,"column":87}},"5":{"start":{"line":7,"column":0},"end":{"line":39,"column":1}},"6":{"start":{"line":8,"column":20},"end":{"line":8,"column":38}},"7":{"start":{"line":11,"column":4},"end":{"line":38,"column":7}},"8":{"start":{"line":23,"column":8},"end":{"line":32,"column":9}},"9":{"start":{"line":25,"column":12},"end":{"line":28,"column":14}},"10":{"start":{"line":26,"column":16},"end":{"line":26,"column":65}},"11":{"start":{"line":27,"column":16},"end":{"line":27,"column":55}},"12":{"start":{"line":29,"column":12},"end":{"line":29,"column":70}},"13":{"start":{"line":31,"column":12},"end":{"line":31,"column":87}},"14":{"start":{"line":36,"column":8},"end":{"line":36,"column":24}},"15":{"start":{"line":37,"column":8},"end":{"line":37,"column":97}},"16":{"start":{"line":41,"column":0},"end":{"line":71,"column":1}},"17":{"start":{"line":43,"column":19},"end":{"line":43,"column":40}},"18":{"start":{"line":44,"column":4},"end":{"line":47,"column":5}},"19":{"start":{"line":45,"column":20},"end":{"line":45,"column":60}},"20":{"start":{"line":45,"column":42},"end":{"line":45,"column":47}},"21":{"start":{"line":46,"column":8},"end":{"line":46,"column":52}},"22":{"start":{"line":49,"column":69},"end":{"line":49,"column":85}},"23":{"start":{"line":50,"column":19},"end":{"line":50,"column":27}},"24":{"start":{"line":52,"column":25},"end":{"line":52,"column":36}},"25":{"start":{"line":53,"column":4},"end":{"line":70,"column":7}},"26":{"start":{"line":55,"column":8},"end":{"line":66,"column":9}},"27":{"start":{"line":56,"column":12},"end":{"line":63,"column":15}},"28":{"start":{"line":60,"column":16},"end":{"line":60,"column":85}},"29":{"start":{"line":62,"column":16},"end":{"line":62,"column":73}},"30":{"start":{"line":65,"column":12},"end":{"line":65,"column":74}},"31":{"start":{"line":69,"column":8},"end":{"line":69,"column":70}},"32":{"start":{"line":73,"column":0},"end":{"line":104,"column":1}},"33":{"start":{"line":75,"column":19},"end":{"line":75,"column":40}},"34":{"start":{"line":76,"column":4},"end":{"line":79,"column":5}},"35":{"start":{"line":77,"column":20},"end":{"line":77,"column":60}},"36":{"start":{"line":77,"column":42},"end":{"line":77,"column":47}},"37":{"start":{"line":78,"column":8},"end":{"line":78,"column":52}},"38":{"start":{"line":81,"column":69},"end":{"line":81,"column":85}},"39":{"start":{"line":83,"column":20},"end":{"line":83,"column":31}},"40":{"start":{"line":87,"column":4},"end":{"line":103,"column":7}},"41":{"start":{"line":90,"column":8},"end":{"line":99,"column":9}},"42":{"start":{"line":91,"column":12},"end":{"line":96,"column":15}},"43":{"start":{"line":93,"column":16},"end":{"line":93,"column":101}},"44":{"start":{"line":95,"column":16},"end":{"line":95,"column":88}},"45":{"start":{"line":98,"column":12},"end":{"line":98,"column":121}},"46":{"start":{"line":102,"column":8},"end":{"line":102,"column":67}}},"fnMap":{"0":{"name":"(anonymous_0)","decl":{"start":{"line":7,"column":23},"end":{"line":7,"column":24}},"loc":{"start":{"line":7,"column":37},"end":{"line":39,"column":1}},"line":7},"1":{"name":"(anonymous_1)","decl":{"start":{"line":22,"column":10},"end":{"line":22,"column":11}},"loc":{"start":{"line":22,"column":18},"end":{"line":33,"column":5}},"line":22},"2":{"name":"(anonymous_2)","decl":{"start":{"line":25,"column":25},"end":{"line":25,"column":26}},"loc":{"start":{"line":25,"column":34},"end":{"line":28,"column":13}},"line":25},"3":{"name":"(anonymous_3)","decl":{"start":{"line":34,"column":11},"end":{"line":34,"column":12}},"loc":{"start":{"line":34,"column":18},"end":{"line":38,"column":5}},"line":34},"4":{"name":"(anonymous_4)","decl":{"start":{"line":41,"column":24},"end":{"line":41,"column":25}},"loc":{"start":{"line":41,"column":38},"end":{"line":71,"column":1}},"line":41},"5":{"name":"(anonymous_5)","decl":{"start":{"line":45,"column":39},"end":{"line":45,"column":40}},"loc":{"start":{"line":45,"column":42},"end":{"line":45,"column":47}},"line":45},"6":{"name":"(anonymous_6)","decl":{"start":{"line":54,"column":10},"end":{"line":54,"column":11}},"loc":{"start":{"line":54,"column":18},"end":{"line":67,"column":5}},"line":54},"7":{"name":"(anonymous_7)","decl":{"start":{"line":59,"column":19},"end":{"line":59,"column":20}},"loc":{"start":{"line":59,"column":25},"end":{"line":61,"column":13}},"line":59},"8":{"name":"(anonymous_8)","decl":{"start":{"line":61,"column":21},"end":{"line":61,"column":22}},"loc":{"start":{"line":61,"column":28},"end":{"line":63,"column":13}},"line":61},"9":{"name":"(anonymous_9)","decl":{"start":{"line":68,"column":11},"end":{"line":68,"column":12}},"loc":{"start":{"line":68,"column":18},"end":{"line":70,"column":5}},"line":68},"10":{"name":"(anonymous_10)","decl":{"start":{"line":73,"column":24},"end":{"line":73,"column":25}},"loc":{"start":{"line":73,"column":38},"end":{"line":104,"column":1}},"line":73},"11":{"name":"(anonymous_11)","decl":{"start":{"line":77,"column":39},"end":{"line":77,"column":40}},"loc":{"start":{"line":77,"column":42},"end":{"line":77,"column":47}},"line":77},"12":{"name":"(anonymous_12)","decl":{"start":{"line":88,"column":10},"end":{"line":88,"column":11}},"loc":{"start":{"line":88,"column":24},"end":{"line":100,"column":5}},"line":88},"13":{"name":"(anonymous_13)","decl":{"start":{"line":92,"column":19},"end":{"line":92,"column":20}},"loc":{"start":{"line":92,"column":29},"end":{"line":94,"column":13}},"line":92},"14":{"name":"(anonymous_14)","decl":{"start":{"line":94,"column":21},"end":{"line":94,"column":22}},"loc":{"start":{"line":94,"column":28},"end":{"line":96,"column":13}},"line":94},"15":{"name":"(anonymous_15)","decl":{"start":{"line":101,"column":11},"end":{"line":101,"column":12}},"loc":{"start":{"line":101,"column":18},"end":{"line":103,"column":5}},"line":101}},"branchMap":{"0":{"loc":{"start":{"line":8,"column":20},"end":{"line":8,"column":38}},"type":"binary-expr","locations":[{"start":{"line":8,"column":20},"end":{"line":8,"column":32}},{"start":{"line":8,"column":36},"end":{"line":8,"column":38}}],"line":8},"1":{"loc":{"start":{"line":23,"column":8},"end":{"line":32,"column":9}},"type":"if","locations":[{"start":{"line":23,"column":8},"end":{"line":32,"column":9}},{"start":{"line":30,"column":15},"end":{"line":32,"column":9}}],"line":23},"2":{"loc":{"start":{"line":44,"column":4},"end":{"line":47,"column":5}},"type":"if","locations":[{"start":{"line":44,"column":4},"end":{"line":47,"column":5}},{"start":{},"end":{}}],"line":44},"3":{"loc":{"start":{"line":55,"column":8},"end":{"line":66,"column":9}},"type":"if","locations":[{"start":{"line":55,"column":8},"end":{"line":66,"column":9}},{"start":{"line":64,"column":15},"end":{"line":66,"column":9}}],"line":55},"4":{"loc":{"start":{"line":76,"column":4},"end":{"line":79,"column":5}},"type":"if","locations":[{"start":{"line":76,"column":4},"end":{"line":79,"column":5}},{"start":{},"end":{}}],"line":76},"5":{"loc":{"start":{"line":90,"column":8},"end":{"line":99,"column":9}},"type":"if","locations":[{"start":{"line":90,"column":8},"end":{"line":99,"column":9}},{"start":{"line":97,"column":15},"end":{"line":99,"column":9}}],"line":90},"6":{"loc":{"start":{"line":90,"column":12},"end":{"line":90,"column":50}},"type":"binary-expr","locations":[{"start":{"line":90,"column":12},"end":{"line":90,"column":26}},{"start":{"line":90,"column":30},"end":{"line":90,"column":50}}],"line":90}},"s":{"0":1,"1":1,"2":1,"3":1,"4":1,"5":1,"6":0,"7":0,"8":0,"9":0,"10":0,"11":0,"12":0,"13":0,"14":0,"15":0,"16":1,"17":0,"18":0,"19":0,"20":0,"21":0,"22":0,"23":0,"24":0,"25":0,"26":0,"27":0,"28":0,"29":0,"30":0,"31":0,"32":1,"33":0,"34":0,"35":0,"36":0,"37":0,"38":0,"39":0,"40":0,"41":0,"42":0,"43":0,"44":0,"45":0,"46":0},"f":{"0":0,"1":0,"2":0,"3":0,"4":0,"5":0,"6":0,"7":0,"8":0,"9":0,"10":0,"11":0,"12":0,"13":0,"14":0,"15":0},"b":{"0":[0,0],"1":[0,0],"2":[0,0],"3":[0,0],"4":[0,0],"5":[0,0],"6":[0,0]},"_coverageSchema":"1a1c01bbd47fc00a2c39e90264f33305004495a9","hash":"2e6f33aef857b39b3ca6a181510a4f2bd0789dae"}
,"C:\\Users\\david\\Documents\\projets\\lapasserelle2\\Projet_fin_formation\\bio_ecommerce\\backend\\src\\controllers\\AdminController.js": {"path":"C:\\Users\\david\\Documents\\projets\\lapasserelle2\\Projet_fin_formation\\bio_ecommerce\\backend\\src\\controllers\\AdminController.js","statementMap":{"0":{"start":{"line":1,"column":41},"end":{"line":1,"column":61}},"1":{"start":{"line":2,"column":18},"end":{"line":2,"column":38}},"2":{"start":{"line":3,"column":11},"end":{"line":3,"column":40}},"3":{"start":{"line":4,"column":20},"end":{"line":4,"column":43}},"4":{"start":{"line":6,"column":0},"end":{"line":26,"column":1}},"5":{"start":{"line":7,"column":4},"end":{"line":25,"column":6}},"6":{"start":{"line":21,"column":25},"end":{"line":21,"column":86}},"7":{"start":{"line":21,"column":60},"end":{"line":21,"column":84}},"8":{"start":{"line":22,"column":8},"end":{"line":22,"column":42}},"9":{"start":{"line":24,"column":8},"end":{"line":24,"column":68}}},"fnMap":{"0":{"name":"(anonymous_0)","decl":{"start":{"line":6,"column":18},"end":{"line":6,"column":19}},"loc":{"start":{"line":6,"column":32},"end":{"line":26,"column":1}},"line":6},"1":{"name":"(anonymous_1)","decl":{"start":{"line":20,"column":11},"end":{"line":20,"column":12}},"loc":{"start":{"line":20,"column":19},"end":{"line":23,"column":5}},"line":20},"2":{"name":"(anonymous_2)","decl":{"start":{"line":21,"column":55},"end":{"line":21,"column":56}},"loc":{"start":{"line":21,"column":60},"end":{"line":21,"column":84}},"line":21},"3":{"name":"(anonymous_3)","decl":{"start":{"line":23,"column":13},"end":{"line":23,"column":14}},"loc":{"start":{"line":23,"column":17},"end":{"line":25,"column":5}},"line":23}},"branchMap":{},"s":{"0":1,"1":1,"2":1,"3":1,"4":1,"5":0,"6":0,"7":0,"8":0,"9":0},"f":{"0":0,"1":0,"2":0,"3":0},"b":{},"_coverageSchema":"1a1c01bbd47fc00a2c39e90264f33305004495a9","hash":"defaac3add741225e5968434b78297327aa3692d"}
,"C:\\Users\\david\\Documents\\projets\\lapasserelle2\\Projet_fin_formation\\bio_ecommerce\\backend\\src\\controllers\\AuthenticationController.js": {"path":"C:\\Users\\david\\Documents\\projets\\lapasserelle2\\Projet_fin_formation\\bio_ecommerce\\backend\\src\\controllers\\AuthenticationController.js","statementMap":{"0":{"start":{"line":2,"column":12},"end":{"line":2,"column":35}},"1":{"start":{"line":4,"column":0},"end":{"line":4,"column":27}},"2":{"start":{"line":5,"column":15},"end":{"line":5,"column":32}},"3":{"start":{"line":6,"column":17},"end":{"line":6,"column":40}},"4":{"start":{"line":8,"column":0},"end":{"line":58,"column":1}},"5":{"start":{"line":10,"column":4},"end":{"line":10,"column":27}},"6":{"start":{"line":11,"column":4},"end":{"line":11,"column":33}},"7":{"start":{"line":12,"column":4},"end":{"line":57,"column":11}},"8":{"start":{"line":14,"column":12},"end":{"line":53,"column":13}},"9":{"start":{"line":16,"column":16},"end":{"line":50,"column":17}},"10":{"start":{"line":17,"column":20},"end":{"line":17,"column":74}},"11":{"start":{"line":20,"column":20},"end":{"line":49,"column":23}},"12":{"start":{"line":21,"column":24},"end":{"line":48,"column":25}},"13":{"start":{"line":22,"column":28},"end":{"line":22,"column":67}},"14":{"start":{"line":23,"column":31},"end":{"line":48,"column":25}},"15":{"start":{"line":25,"column":46},"end":{"line":33,"column":29}},"16":{"start":{"line":34,"column":28},"end":{"line":34,"column":131}},"17":{"start":{"line":35,"column":28},"end":{"line":45,"column":31}},"18":{"start":{"line":47,"column":28},"end":{"line":47,"column":96}},"19":{"start":{"line":52,"column":16},"end":{"line":52,"column":84}},"20":{"start":{"line":56,"column":12},"end":{"line":56,"column":103}},"21":{"start":{"line":60,"column":0},"end":{"line":71,"column":1}},"22":{"start":{"line":61,"column":4},"end":{"line":66,"column":7}},"23":{"start":{"line":67,"column":4},"end":{"line":67,"column":60}}},"fnMap":{"0":{"name":"(anonymous_0)","decl":{"start":{"line":8,"column":18},"end":{"line":8,"column":19}},"loc":{"start":{"line":8,"column":32},"end":{"line":58,"column":1}},"line":8},"1":{"name":"(anonymous_1)","decl":{"start":{"line":13,"column":14},"end":{"line":13,"column":15}},"loc":{"start":{"line":13,"column":22},"end":{"line":54,"column":9}},"line":13},"2":{"name":"(anonymous_2)","decl":{"start":{"line":20,"column":60},"end":{"line":20,"column":61}},"loc":{"start":{"line":20,"column":83},"end":{"line":49,"column":21}},"line":20},"3":{"name":"(anonymous_3)","decl":{"start":{"line":55,"column":15},"end":{"line":55,"column":16}},"loc":{"start":{"line":55,"column":22},"end":{"line":57,"column":9}},"line":55},"4":{"name":"(anonymous_4)","decl":{"start":{"line":60,"column":23},"end":{"line":60,"column":24}},"loc":{"start":{"line":60,"column":37},"end":{"line":71,"column":1}},"line":60}},"branchMap":{"0":{"loc":{"start":{"line":14,"column":12},"end":{"line":53,"column":13}},"type":"if","locations":[{"start":{"line":14,"column":12},"end":{"line":53,"column":13}},{"start":{"line":51,"column":19},"end":{"line":53,"column":13}}],"line":14},"1":{"loc":{"start":{"line":16,"column":16},"end":{"line":50,"column":17}},"type":"if","locations":[{"start":{"line":16,"column":16},"end":{"line":50,"column":17}},{"start":{"line":18,"column":23},"end":{"line":50,"column":17}}],"line":16},"2":{"loc":{"start":{"line":21,"column":24},"end":{"line":48,"column":25}},"type":"if","locations":[{"start":{"line":21,"column":24},"end":{"line":48,"column":25}},{"start":{"line":23,"column":31},"end":{"line":48,"column":25}}],"line":21},"3":{"loc":{"start":{"line":23,"column":31},"end":{"line":48,"column":25}},"type":"if","locations":[{"start":{"line":23,"column":31},"end":{"line":48,"column":25}},{"start":{"line":46,"column":31},"end":{"line":48,"column":25}}],"line":23}},"s":{"0":1,"1":1,"2":1,"3":1,"4":1,"5":0,"6":0,"7":0,"8":0,"9":0,"10":0,"11":0,"12":0,"13":0,"14":0,"15":0,"16":0,"17":0,"18":0,"19":0,"20":0,"21":1,"22":0,"23":0},"f":{"0":0,"1":0,"2":0,"3":0,"4":0},"b":{"0":[0,0],"1":[0,0],"2":[0,0],"3":[0,0]},"_coverageSchema":"1a1c01bbd47fc00a2c39e90264f33305004495a9","hash":"84cecc2b9c2c5315e05ad9d9a08d27dbbc7494a7"}
,"C:\\Users\\david\\Documents\\projets\\lapasserelle2\\Projet_fin_formation\\bio_ecommerce\\backend\\src\\controllers\\CategoryController.js": {"path":"C:\\Users\\david\\Documents\\projets\\lapasserelle2\\Projet_fin_formation\\bio_ecommerce\\backend\\src\\controllers\\CategoryController.js","statementMap":{"0":{"start":{"line":1,"column":30},"end":{"line":1,"column":53}},"1":{"start":{"line":2,"column":29},"end":{"line":2,"column":49}},"2":{"start":{"line":3,"column":42},"end":{"line":3,"column":70}},"3":{"start":{"line":5,"column":0},"end":{"line":16,"column":2}},"4":{"start":{"line":6,"column":4},"end":{"line":15,"column":11}},"5":{"start":{"line":8,"column":12},"end":{"line":8,"column":42}},"6":{"start":{"line":11,"column":12},"end":{"line":14,"column":15}},"7":{"start":{"line":18,"column":0},"end":{"line":41,"column":1}},"8":{"start":{"line":19,"column":19},"end":{"line":19,"column":40}},"9":{"start":{"line":20,"column":4},"end":{"line":23,"column":5}},"10":{"start":{"line":21,"column":20},"end":{"line":21,"column":60}},"11":{"start":{"line":21,"column":42},"end":{"line":21,"column":47}},"12":{"start":{"line":22,"column":8},"end":{"line":22,"column":52}},"13":{"start":{"line":24,"column":15},"end":{"line":24,"column":28}},"14":{"start":{"line":25,"column":4},"end":{"line":40,"column":11}},"15":{"start":{"line":27,"column":12},"end":{"line":34,"column":13}},"16":{"start":{"line":29,"column":16},"end":{"line":29,"column":72}},"17":{"start":{"line":31,"column":16},"end":{"line":33,"column":19}},"18":{"start":{"line":37,"column":12},"end":{"line":39,"column":15}},"19":{"start":{"line":43,"column":0},"end":{"line":60,"column":1}},"20":{"start":{"line":45,"column":19},"end":{"line":45,"column":40}},"21":{"start":{"line":46,"column":4},"end":{"line":49,"column":5}},"22":{"start":{"line":47,"column":20},"end":{"line":47,"column":60}},"23":{"start":{"line":47,"column":42},"end":{"line":47,"column":47}},"24":{"start":{"line":48,"column":8},"end":{"line":48,"column":52}},"25":{"start":{"line":51,"column":24},"end":{"line":51,"column":40}},"26":{"start":{"line":52,"column":66},"end":{"line":52,"column":77}},"27":{"start":{"line":53,"column":4},"end":{"line":59,"column":7}},"28":{"start":{"line":56,"column":8},"end":{"line":56,"column":83}},"29":{"start":{"line":58,"column":8},"end":{"line":58,"column":88}},"30":{"start":{"line":62,"column":0},"end":{"line":76,"column":1}},"31":{"start":{"line":63,"column":19},"end":{"line":63,"column":40}},"32":{"start":{"line":64,"column":4},"end":{"line":67,"column":5}},"33":{"start":{"line":65,"column":20},"end":{"line":65,"column":60}},"34":{"start":{"line":65,"column":42},"end":{"line":65,"column":47}},"35":{"start":{"line":66,"column":8},"end":{"line":66,"column":52}},"36":{"start":{"line":68,"column":15},"end":{"line":68,"column":28}},"37":{"start":{"line":69,"column":4},"end":{"line":75,"column":7}},"38":{"start":{"line":72,"column":8},"end":{"line":72,"column":71}},"39":{"start":{"line":74,"column":8},"end":{"line":74,"column":91}},"40":{"start":{"line":78,"column":0},"end":{"line":98,"column":1}},"41":{"start":{"line":80,"column":19},"end":{"line":80,"column":40}},"42":{"start":{"line":81,"column":4},"end":{"line":84,"column":5}},"43":{"start":{"line":82,"column":20},"end":{"line":82,"column":60}},"44":{"start":{"line":82,"column":42},"end":{"line":82,"column":47}},"45":{"start":{"line":83,"column":8},"end":{"line":83,"column":52}},"46":{"start":{"line":86,"column":24},"end":{"line":86,"column":40}},"47":{"start":{"line":87,"column":66},"end":{"line":87,"column":77}},"48":{"start":{"line":88,"column":15},"end":{"line":88,"column":28}},"49":{"start":{"line":90,"column":4},"end":{"line":97,"column":7}},"50":{"start":{"line":94,"column":8},"end":{"line":94,"column":64}},"51":{"start":{"line":96,"column":8},"end":{"line":96,"column":65}},"52":{"start":{"line":100,"column":0},"end":{"line":117,"column":2}},"53":{"start":{"line":102,"column":4},"end":{"line":116,"column":11}},"54":{"start":{"line":106,"column":12},"end":{"line":109,"column":46}},"55":{"start":{"line":107,"column":16},"end":{"line":107,"column":47}},"56":{"start":{"line":109,"column":16},"end":{"line":109,"column":46}},"57":{"start":{"line":112,"column":12},"end":{"line":115,"column":15}}},"fnMap":{"0":{"name":"(anonymous_0)","decl":{"start":{"line":5,"column":18},"end":{"line":5,"column":19}},"loc":{"start":{"line":5,"column":32},"end":{"line":16,"column":1}},"line":5},"1":{"name":"(anonymous_1)","decl":{"start":{"line":7,"column":14},"end":{"line":7,"column":15}},"loc":{"start":{"line":7,"column":22},"end":{"line":9,"column":9}},"line":7},"2":{"name":"(anonymous_2)","decl":{"start":{"line":10,"column":15},"end":{"line":10,"column":16}},"loc":{"start":{"line":10,"column":22},"end":{"line":15,"column":9}},"line":10},"3":{"name":"(anonymous_3)","decl":{"start":{"line":18,"column":19},"end":{"line":18,"column":20}},"loc":{"start":{"line":18,"column":33},"end":{"line":41,"column":1}},"line":18},"4":{"name":"(anonymous_4)","decl":{"start":{"line":21,"column":39},"end":{"line":21,"column":40}},"loc":{"start":{"line":21,"column":42},"end":{"line":21,"column":47}},"line":21},"5":{"name":"(anonymous_5)","decl":{"start":{"line":26,"column":14},"end":{"line":26,"column":15}},"loc":{"start":{"line":26,"column":22},"end":{"line":35,"column":9}},"line":26},"6":{"name":"(anonymous_6)","decl":{"start":{"line":36,"column":15},"end":{"line":36,"column":16}},"loc":{"start":{"line":36,"column":22},"end":{"line":40,"column":9}},"line":36},"7":{"name":"(anonymous_7)","decl":{"start":{"line":43,"column":17},"end":{"line":43,"column":18}},"loc":{"start":{"line":43,"column":31},"end":{"line":60,"column":1}},"line":43},"8":{"name":"(anonymous_8)","decl":{"start":{"line":47,"column":39},"end":{"line":47,"column":40}},"loc":{"start":{"line":47,"column":42},"end":{"line":47,"column":47}},"line":47},"9":{"name":"(anonymous_9)","decl":{"start":{"line":55,"column":11},"end":{"line":55,"column":12}},"loc":{"start":{"line":55,"column":21},"end":{"line":57,"column":5}},"line":55},"10":{"name":"(anonymous_10)","decl":{"start":{"line":57,"column":13},"end":{"line":57,"column":14}},"loc":{"start":{"line":57,"column":20},"end":{"line":59,"column":5}},"line":57},"11":{"name":"(anonymous_11)","decl":{"start":{"line":62,"column":17},"end":{"line":62,"column":18}},"loc":{"start":{"line":62,"column":31},"end":{"line":76,"column":1}},"line":62},"12":{"name":"(anonymous_12)","decl":{"start":{"line":65,"column":39},"end":{"line":65,"column":40}},"loc":{"start":{"line":65,"column":42},"end":{"line":65,"column":47}},"line":65},"13":{"name":"(anonymous_13)","decl":{"start":{"line":71,"column":11},"end":{"line":71,"column":12}},"loc":{"start":{"line":71,"column":21},"end":{"line":73,"column":5}},"line":71},"14":{"name":"(anonymous_14)","decl":{"start":{"line":73,"column":13},"end":{"line":73,"column":14}},"loc":{"start":{"line":73,"column":20},"end":{"line":75,"column":5}},"line":73},"15":{"name":"(anonymous_15)","decl":{"start":{"line":78,"column":17},"end":{"line":78,"column":18}},"loc":{"start":{"line":78,"column":31},"end":{"line":98,"column":1}},"line":78},"16":{"name":"(anonymous_16)","decl":{"start":{"line":82,"column":39},"end":{"line":82,"column":40}},"loc":{"start":{"line":82,"column":42},"end":{"line":82,"column":47}},"line":82},"17":{"name":"(anonymous_17)","decl":{"start":{"line":93,"column":11},"end":{"line":93,"column":12}},"loc":{"start":{"line":93,"column":17},"end":{"line":95,"column":5}},"line":93},"18":{"name":"(anonymous_18)","decl":{"start":{"line":95,"column":13},"end":{"line":95,"column":14}},"loc":{"start":{"line":95,"column":20},"end":{"line":97,"column":5}},"line":95},"19":{"name":"(anonymous_19)","decl":{"start":{"line":100,"column":25},"end":{"line":100,"column":26}},"loc":{"start":{"line":100,"column":39},"end":{"line":117,"column":1}},"line":100},"20":{"name":"(anonymous_20)","decl":{"start":{"line":105,"column":14},"end":{"line":105,"column":15}},"loc":{"start":{"line":105,"column":22},"end":{"line":110,"column":9}},"line":105},"21":{"name":"(anonymous_21)","decl":{"start":{"line":111,"column":15},"end":{"line":111,"column":16}},"loc":{"start":{"line":111,"column":22},"end":{"line":116,"column":9}},"line":111}},"branchMap":{"0":{"loc":{"start":{"line":13,"column":20},"end":{"line":13,"column":52}},"type":"binary-expr","locations":[{"start":{"line":13,"column":20},"end":{"line":13,"column":31}},{"start":{"line":13,"column":35},"end":{"line":13,"column":52}}],"line":13},"1":{"loc":{"start":{"line":20,"column":4},"end":{"line":23,"column":5}},"type":"if","locations":[{"start":{"line":20,"column":4},"end":{"line":23,"column":5}},{"start":{},"end":{}}],"line":20},"2":{"loc":{"start":{"line":27,"column":12},"end":{"line":34,"column":13}},"type":"if","locations":[{"start":{"line":27,"column":12},"end":{"line":34,"column":13}},{"start":{"line":30,"column":19},"end":{"line":34,"column":13}}],"line":27},"3":{"loc":{"start":{"line":46,"column":4},"end":{"line":49,"column":5}},"type":"if","locations":[{"start":{"line":46,"column":4},"end":{"line":49,"column":5}},{"start":{},"end":{}}],"line":46},"4":{"loc":{"start":{"line":64,"column":4},"end":{"line":67,"column":5}},"type":"if","locations":[{"start":{"line":64,"column":4},"end":{"line":67,"column":5}},{"start":{},"end":{}}],"line":64},"5":{"loc":{"start":{"line":81,"column":4},"end":{"line":84,"column":5}},"type":"if","locations":[{"start":{"line":81,"column":4},"end":{"line":84,"column":5}},{"start":{},"end":{}}],"line":81},"6":{"loc":{"start":{"line":106,"column":12},"end":{"line":109,"column":46}},"type":"if","locations":[{"start":{"line":106,"column":12},"end":{"line":109,"column":46}},{"start":{"line":109,"column":16},"end":{"line":109,"column":46}}],"line":106},"7":{"loc":{"start":{"line":114,"column":20},"end":{"line":114,"column":52}},"type":"binary-expr","locations":[{"start":{"line":114,"column":20},"end":{"line":114,"column":31}},{"start":{"line":114,"column":35},"end":{"line":114,"column":52}}],"line":114}},"s":{"0":1,"1":1,"2":1,"3":1,"4":0,"5":0,"6":0,"7":1,"8":0,"9":0,"10":0,"11":0,"12":0,"13":0,"14":0,"15":0,"16":0,"17":0,"18":0,"19":1,"20":0,"21":0,"22":0,"23":0,"24":0,"25":0,"26":0,"27":0,"28":0,"29":0,"30":1,"31":0,"32":0,"33":0,"34":0,"35":0,"36":0,"37":0,"38":0,"39":0,"40":1,"41":0,"42":0,"43":0,"44":0,"45":0,"46":0,"47":0,"48":0,"49":0,"50":0,"51":0,"52":1,"53":0,"54":0,"55":0,"56":0,"57":0},"f":{"0":0,"1":0,"2":0,"3":0,"4":0,"5":0,"6":0,"7":0,"8":0,"9":0,"10":0,"11":0,"12":0,"13":0,"14":0,"15":0,"16":0,"17":0,"18":0,"19":0,"20":0,"21":0},"b":{"0":[0,0],"1":[0,0],"2":[0,0],"3":[0,0],"4":[0,0],"5":[0,0],"6":[0,0],"7":[0,0]},"_coverageSchema":"1a1c01bbd47fc00a2c39e90264f33305004495a9","hash":"a10b03b7ef2e1ccd74b82fc0c37d6596af9920c0"}
,"C:\\Users\\david\\Documents\\projets\\lapasserelle2\\Projet_fin_formation\\bio_ecommerce\\backend\\src\\controllers\\CommandeController.js": {"path":"C:\\Users\\david\\Documents\\projets\\lapasserelle2\\Projet_fin_formation\\bio_ecommerce\\backend\\src\\controllers\\CommandeController.js","statementMap":{"0":{"start":{"line":1,"column":18},"end":{"line":1,"column":38}},"1":{"start":{"line":2,"column":11},"end":{"line":2,"column":40}},"2":{"start":{"line":3,"column":60},"end":{"line":3,"column":83}},"3":{"start":{"line":4,"column":42},"end":{"line":4,"column":70}},"4":{"start":{"line":5,"column":49},"end":{"line":5,"column":87}},"5":{"start":{"line":8,"column":0},"end":{"line":39,"column":1}},"6":{"start":{"line":9,"column":20},"end":{"line":9,"column":38}},"7":{"start":{"line":12,"column":4},"end":{"line":38,"column":11}},"8":{"start":{"line":28,"column":12},"end":{"line":32,"column":13}},"9":{"start":{"line":29,"column":16},"end":{"line":29,"column":71}},"10":{"start":{"line":31,"column":16},"end":{"line":31,"column":88}},"11":{"start":{"line":36,"column":12},"end":{"line":36,"column":28}},"12":{"start":{"line":37,"column":12},"end":{"line":37,"column":98}},"13":{"start":{"line":41,"column":0},"end":{"line":68,"column":1}},"14":{"start":{"line":42,"column":15},"end":{"line":42,"column":28}},"15":{"start":{"line":44,"column":4},"end":{"line":67,"column":7}},"16":{"start":{"line":56,"column":8},"end":{"line":61,"column":9}},"17":{"start":{"line":58,"column":12},"end":{"line":58,"column":76}},"18":{"start":{"line":60,"column":12},"end":{"line":60,"column":82}},"19":{"start":{"line":65,"column":8},"end":{"line":65,"column":24}},"20":{"start":{"line":66,"column":8},"end":{"line":66,"column":91}},"21":{"start":{"line":70,"column":0},"end":{"line":115,"column":1}},"22":{"start":{"line":98,"column":4},"end":{"line":114,"column":7}},"23":{"start":{"line":105,"column":8},"end":{"line":109,"column":9}},"24":{"start":{"line":106,"column":12},"end":{"line":106,"column":40}},"25":{"start":{"line":108,"column":12},"end":{"line":108,"column":59}},"26":{"start":{"line":112,"column":8},"end":{"line":112,"column":24}},"27":{"start":{"line":113,"column":8},"end":{"line":113,"column":78}},"28":{"start":{"line":117,"column":0},"end":{"line":172,"column":1}},"29":{"start":{"line":118,"column":15},"end":{"line":118,"column":28}},"30":{"start":{"line":119,"column":4},"end":{"line":171,"column":7}},"31":{"start":{"line":156,"column":8},"end":{"line":166,"column":9}},"32":{"start":{"line":158,"column":12},"end":{"line":158,"column":96}},"33":{"start":{"line":159,"column":12},"end":{"line":159,"column":148}},"34":{"start":{"line":160,"column":12},"end":{"line":160,"column":145}},"35":{"start":{"line":163,"column":12},"end":{"line":163,"column":56}},"36":{"start":{"line":165,"column":12},"end":{"line":165,"column":59}},"37":{"start":{"line":169,"column":8},"end":{"line":169,"column":24}},"38":{"start":{"line":170,"column":8},"end":{"line":170,"column":78}},"39":{"start":{"line":174,"column":0},"end":{"line":192,"column":1}},"40":{"start":{"line":175,"column":15},"end":{"line":175,"column":28}},"41":{"start":{"line":177,"column":19},"end":{"line":177,"column":40}},"42":{"start":{"line":178,"column":4},"end":{"line":181,"column":5}},"43":{"start":{"line":179,"column":20},"end":{"line":179,"column":60}},"44":{"start":{"line":179,"column":42},"end":{"line":179,"column":47}},"45":{"start":{"line":180,"column":8},"end":{"line":180,"column":52}},"46":{"start":{"line":183,"column":29},"end":{"line":183,"column":45}},"47":{"start":{"line":184,"column":4},"end":{"line":191,"column":7}},"48":{"start":{"line":188,"column":8},"end":{"line":188,"column":66}},"49":{"start":{"line":190,"column":8},"end":{"line":190,"column":63}},"50":{"start":{"line":194,"column":0},"end":{"line":274,"column":1}},"51":{"start":{"line":196,"column":20},"end":{"line":196,"column":31}},"52":{"start":{"line":198,"column":19},"end":{"line":198,"column":40}},"53":{"start":{"line":199,"column":4},"end":{"line":202,"column":5}},"54":{"start":{"line":200,"column":20},"end":{"line":200,"column":60}},"55":{"start":{"line":200,"column":42},"end":{"line":200,"column":47}},"56":{"start":{"line":201,"column":8},"end":{"line":201,"column":52}},"57":{"start":{"line":204,"column":24},"end":{"line":204,"column":40}},"58":{"start":{"line":205,"column":76},"end":{"line":205,"column":84}},"59":{"start":{"line":213,"column":4},"end":{"line":273,"column":14}},"60":{"start":{"line":224,"column":31},"end":{"line":224,"column":41}},"61":{"start":{"line":225,"column":30},"end":{"line":225,"column":40}},"62":{"start":{"line":228,"column":28},"end":{"line":228,"column":38}},"63":{"start":{"line":229,"column":24},"end":{"line":229,"column":181}},"64":{"start":{"line":230,"column":8},"end":{"line":230,"column":73}},"65":{"start":{"line":232,"column":8},"end":{"line":272,"column":18}},"66":{"start":{"line":240,"column":34},"end":{"line":248,"column":14}},"67":{"start":{"line":241,"column":16},"end":{"line":247,"column":17}},"68":{"start":{"line":249,"column":12},"end":{"line":271,"column":35}},"69":{"start":{"line":254,"column":35},"end":{"line":254,"column":39}},"70":{"start":{"line":261,"column":16},"end":{"line":270,"column":26}},"71":{"start":{"line":268,"column":20},"end":{"line":268,"column":80}}},"fnMap":{"0":{"name":"(anonymous_0)","decl":{"start":{"line":8,"column":19},"end":{"line":8,"column":20}},"loc":{"start":{"line":8,"column":33},"end":{"line":39,"column":1}},"line":8},"1":{"name":"(anonymous_1)","decl":{"start":{"line":27,"column":14},"end":{"line":27,"column":15}},"loc":{"start":{"line":27,"column":22},"end":{"line":33,"column":9}},"line":27},"2":{"name":"(anonymous_2)","decl":{"start":{"line":34,"column":15},"end":{"line":34,"column":16}},"loc":{"start":{"line":34,"column":22},"end":{"line":38,"column":9}},"line":34},"3":{"name":"(anonymous_3)","decl":{"start":{"line":41,"column":22},"end":{"line":41,"column":23}},"loc":{"start":{"line":41,"column":36},"end":{"line":68,"column":1}},"line":41},"4":{"name":"(anonymous_4)","decl":{"start":{"line":55,"column":10},"end":{"line":55,"column":11}},"loc":{"start":{"line":55,"column":18},"end":{"line":62,"column":5}},"line":55},"5":{"name":"(anonymous_5)","decl":{"start":{"line":63,"column":11},"end":{"line":63,"column":12}},"loc":{"start":{"line":63,"column":18},"end":{"line":67,"column":5}},"line":63},"6":{"name":"(anonymous_6)","decl":{"start":{"line":70,"column":22},"end":{"line":70,"column":23}},"loc":{"start":{"line":70,"column":36},"end":{"line":115,"column":1}},"line":70},"7":{"name":"(anonymous_7)","decl":{"start":{"line":104,"column":10},"end":{"line":104,"column":11}},"loc":{"start":{"line":104,"column":18},"end":{"line":110,"column":5}},"line":104},"8":{"name":"(anonymous_8)","decl":{"start":{"line":111,"column":11},"end":{"line":111,"column":12}},"loc":{"start":{"line":111,"column":18},"end":{"line":114,"column":5}},"line":111},"9":{"name":"(anonymous_9)","decl":{"start":{"line":117,"column":28},"end":{"line":117,"column":29}},"loc":{"start":{"line":117,"column":42},"end":{"line":172,"column":1}},"line":117},"10":{"name":"(anonymous_10)","decl":{"start":{"line":155,"column":10},"end":{"line":155,"column":11}},"loc":{"start":{"line":155,"column":18},"end":{"line":167,"column":5}},"line":155},"11":{"name":"(anonymous_11)","decl":{"start":{"line":168,"column":11},"end":{"line":168,"column":12}},"loc":{"start":{"line":168,"column":18},"end":{"line":171,"column":5}},"line":168},"12":{"name":"(anonymous_12)","decl":{"start":{"line":174,"column":29},"end":{"line":174,"column":30}},"loc":{"start":{"line":174,"column":43},"end":{"line":192,"column":1}},"line":174},"13":{"name":"(anonymous_13)","decl":{"start":{"line":179,"column":39},"end":{"line":179,"column":40}},"loc":{"start":{"line":179,"column":42},"end":{"line":179,"column":47}},"line":179},"14":{"name":"(anonymous_14)","decl":{"start":{"line":187,"column":11},"end":{"line":187,"column":12}},"loc":{"start":{"line":187,"column":17},"end":{"line":189,"column":5}},"line":187},"15":{"name":"(anonymous_15)","decl":{"start":{"line":189,"column":13},"end":{"line":189,"column":14}},"loc":{"start":{"line":189,"column":20},"end":{"line":191,"column":5}},"line":189},"16":{"name":"(anonymous_16)","decl":{"start":{"line":194,"column":21},"end":{"line":194,"column":22}},"loc":{"start":{"line":194,"column":35},"end":{"line":274,"column":1}},"line":194},"17":{"name":"(anonymous_17)","decl":{"start":{"line":200,"column":39},"end":{"line":200,"column":40}},"loc":{"start":{"line":200,"column":42},"end":{"line":200,"column":47}},"line":200},"18":{"name":"(anonymous_18)","decl":{"start":{"line":223,"column":12},"end":{"line":223,"column":13}},"loc":{"start":{"line":223,"column":18},"end":{"line":273,"column":5}},"line":223},"19":{"name":"(anonymous_19)","decl":{"start":{"line":238,"column":16},"end":{"line":238,"column":17}},"loc":{"start":{"line":238,"column":30},"end":{"line":272,"column":9}},"line":238},"20":{"name":"(anonymous_20)","decl":{"start":{"line":240,"column":44},"end":{"line":240,"column":45}},"loc":{"start":{"line":240,"column":50},"end":{"line":248,"column":13}},"line":240},"21":{"name":"(anonymous_21)","decl":{"start":{"line":250,"column":18},"end":{"line":250,"column":19}},"loc":{"start":{"line":250,"column":36},"end":{"line":271,"column":13}},"line":250},"22":{"name":"(anonymous_22)","decl":{"start":{"line":265,"column":23},"end":{"line":265,"column":24}},"loc":{"start":{"line":265,"column":29},"end":{"line":270,"column":17}},"line":265},"23":{"name":"(anonymous_23)","decl":{"start":{"line":271,"column":21},"end":{"line":271,"column":22}},"loc":{"start":{"line":271,"column":32},"end":{"line":271,"column":34}},"line":271}},"branchMap":{"0":{"loc":{"start":{"line":9,"column":20},"end":{"line":9,"column":38}},"type":"binary-expr","locations":[{"start":{"line":9,"column":20},"end":{"line":9,"column":32}},{"start":{"line":9,"column":36},"end":{"line":9,"column":38}}],"line":9},"1":{"loc":{"start":{"line":28,"column":12},"end":{"line":32,"column":13}},"type":"if","locations":[{"start":{"line":28,"column":12},"end":{"line":32,"column":13}},{"start":{"line":30,"column":19},"end":{"line":32,"column":13}}],"line":28},"2":{"loc":{"start":{"line":56,"column":8},"end":{"line":61,"column":9}},"type":"if","locations":[{"start":{"line":56,"column":8},"end":{"line":61,"column":9}},{"start":{"line":59,"column":15},"end":{"line":61,"column":9}}],"line":56},"3":{"loc":{"start":{"line":105,"column":8},"end":{"line":109,"column":9}},"type":"if","locations":[{"start":{"line":105,"column":8},"end":{"line":109,"column":9}},{"start":{"line":107,"column":15},"end":{"line":109,"column":9}}],"line":105},"4":{"loc":{"start":{"line":156,"column":8},"end":{"line":166,"column":9}},"type":"if","locations":[{"start":{"line":156,"column":8},"end":{"line":166,"column":9}},{"start":{"line":164,"column":15},"end":{"line":166,"column":9}}],"line":156},"5":{"loc":{"start":{"line":158,"column":12},"end":{"line":158,"column":95}},"type":"cond-expr","locations":[{"start":{"line":158,"column":37},"end":{"line":158,"column":90}},{"start":{"line":158,"column":93},"end":{"line":158,"column":95}}],"line":158},"6":{"loc":{"start":{"line":159,"column":12},"end":{"line":159,"column":147}},"type":"cond-expr","locations":[{"start":{"line":159,"column":55},"end":{"line":159,"column":142}},{"start":{"line":159,"column":145},"end":{"line":159,"column":147}}],"line":159},"7":{"loc":{"start":{"line":160,"column":12},"end":{"line":160,"column":144}},"type":"cond-expr","locations":[{"start":{"line":160,"column":54},"end":{"line":160,"column":139}},{"start":{"line":160,"column":142},"end":{"line":160,"column":144}}],"line":160},"8":{"loc":{"start":{"line":178,"column":4},"end":{"line":181,"column":5}},"type":"if","locations":[{"start":{"line":178,"column":4},"end":{"line":181,"column":5}},{"start":{},"end":{}}],"line":178},"9":{"loc":{"start":{"line":199,"column":4},"end":{"line":202,"column":5}},"type":"if","locations":[{"start":{"line":199,"column":4},"end":{"line":202,"column":5}},{"start":{},"end":{}}],"line":199}},"s":{"0":1,"1":1,"2":1,"3":1,"4":1,"5":1,"6":0,"7":0,"8":0,"9":0,"10":0,"11":0,"12":0,"13":1,"14":0,"15":0,"16":0,"17":0,"18":0,"19":0,"20":0,"21":1,"22":0,"23":0,"24":0,"25":0,"26":0,"27":0,"28":1,"29":0,"30":0,"31":0,"32":0,"33":0,"34":0,"35":0,"36":0,"37":0,"38":0,"39":1,"40":0,"41":0,"42":0,"43":0,"44":0,"45":0,"46":0,"47":0,"48":0,"49":0,"50":1,"51":0,"52":0,"53":0,"54":0,"55":0,"56":0,"57":0,"58":0,"59":0,"60":0,"61":0,"62":0,"63":0,"64":0,"65":0,"66":0,"67":0,"68":0,"69":0,"70":0,"71":0},"f":{"0":0,"1":0,"2":0,"3":0,"4":0,"5":0,"6":0,"7":0,"8":0,"9":0,"10":0,"11":0,"12":0,"13":0,"14":0,"15":0,"16":0,"17":0,"18":0,"19":0,"20":0,"21":0,"22":0,"23":0},"b":{"0":[0,0],"1":[0,0],"2":[0,0],"3":[0,0],"4":[0,0],"5":[0,0],"6":[0,0],"7":[0,0],"8":[0,0],"9":[0,0]},"_coverageSchema":"1a1c01bbd47fc00a2c39e90264f33305004495a9","hash":"0db2977583fe5386c2a74fad8b6232cfa98cd9e7"}
,"C:\\Users\\david\\Documents\\projets\\lapasserelle2\\Projet_fin_formation\\bio_ecommerce\\backend\\src\\controllers\\ProductController.js": {"path":"C:\\Users\\david\\Documents\\projets\\lapasserelle2\\Projet_fin_formation\\bio_ecommerce\\backend\\src\\controllers\\ProductController.js","statementMap":{"0":{"start":{"line":1,"column":34},"end":{"line":1,"column":54}},"1":{"start":{"line":2,"column":18},"end":{"line":2,"column":38}},"2":{"start":{"line":3,"column":27},"end":{"line":3,"column":50}},"3":{"start":{"line":4,"column":42},"end":{"line":4,"column":70}},"4":{"start":{"line":5,"column":20},"end":{"line":5,"column":42}},"5":{"start":{"line":6,"column":19},"end":{"line":6,"column":43}},"6":{"start":{"line":7,"column":0},"end":{"line":11,"column":5}},"7":{"start":{"line":13,"column":0},"end":{"line":36,"column":2}},"8":{"start":{"line":14,"column":19},"end":{"line":14,"column":71}},"9":{"start":{"line":15,"column":18},"end":{"line":15,"column":68}},"10":{"start":{"line":17,"column":4},"end":{"line":35,"column":7}},"11":{"start":{"line":19,"column":8},"end":{"line":29,"column":9}},"12":{"start":{"line":20,"column":12},"end":{"line":23,"column":16}},"13":{"start":{"line":21,"column":31},"end":{"line":21,"column":56}},"14":{"start":{"line":22,"column":16},"end":{"line":22,"column":55}},"15":{"start":{"line":24,"column":12},"end":{"line":24,"column":43}},"16":{"start":{"line":26,"column":12},"end":{"line":28,"column":15}},"17":{"start":{"line":32,"column":8},"end":{"line":34,"column":11}},"18":{"start":{"line":38,"column":0},"end":{"line":87,"column":2}},"19":{"start":{"line":40,"column":19},"end":{"line":40,"column":71}},"20":{"start":{"line":41,"column":18},"end":{"line":41,"column":68}},"21":{"start":{"line":43,"column":4},"end":{"line":63,"column":11}},"22":{"start":{"line":45,"column":12},"end":{"line":57,"column":13}},"23":{"start":{"line":47,"column":16},"end":{"line":50,"column":20}},"24":{"start":{"line":48,"column":35},"end":{"line":48,"column":60}},"25":{"start":{"line":49,"column":20},"end":{"line":49,"column":59}},"26":{"start":{"line":52,"column":16},"end":{"line":52,"column":47}},"27":{"start":{"line":54,"column":16},"end":{"line":56,"column":19}},"28":{"start":{"line":60,"column":12},"end":{"line":62,"column":15}},"29":{"start":{"line":89,"column":0},"end":{"line":112,"column":1}},"30":{"start":{"line":90,"column":18},"end":{"line":90,"column":68}},"31":{"start":{"line":91,"column":4},"end":{"line":111,"column":11}},"32":{"start":{"line":93,"column":12},"end":{"line":105,"column":13}},"33":{"start":{"line":95,"column":16},"end":{"line":98,"column":20}},"34":{"start":{"line":96,"column":35},"end":{"line":96,"column":60}},"35":{"start":{"line":97,"column":20},"end":{"line":97,"column":59}},"36":{"start":{"line":100,"column":16},"end":{"line":100,"column":47}},"37":{"start":{"line":102,"column":16},"end":{"line":104,"column":19}},"38":{"start":{"line":108,"column":12},"end":{"line":110,"column":15}},"39":{"start":{"line":114,"column":0},"end":{"line":127,"column":1}},"40":{"start":{"line":115,"column":15},"end":{"line":115,"column":28}},"41":{"start":{"line":116,"column":4},"end":{"line":126,"column":11}},"42":{"start":{"line":118,"column":12},"end":{"line":122,"column":13}},"43":{"start":{"line":119,"column":16},"end":{"line":119,"column":46}},"44":{"start":{"line":121,"column":16},"end":{"line":121,"column":88}},"45":{"start":{"line":125,"column":12},"end":{"line":125,"column":88}},"46":{"start":{"line":134,"column":0},"end":{"line":153,"column":1}},"47":{"start":{"line":135,"column":24},"end":{"line":135,"column":89}},"48":{"start":{"line":136,"column":19},"end":{"line":136,"column":71}},"49":{"start":{"line":137,"column":18},"end":{"line":137,"column":68}},"50":{"start":{"line":138,"column":4},"end":{"line":152,"column":11}},"51":{"start":{"line":140,"column":12},"end":{"line":146,"column":13}},"52":{"start":{"line":141,"column":16},"end":{"line":141,"column":71}},"53":{"start":{"line":143,"column":16},"end":{"line":145,"column":19}},"54":{"start":{"line":149,"column":12},"end":{"line":151,"column":15}},"55":{"start":{"line":155,"column":0},"end":{"line":220,"column":1}},"56":{"start":{"line":158,"column":19},"end":{"line":158,"column":40}},"57":{"start":{"line":159,"column":4},"end":{"line":162,"column":5}},"58":{"start":{"line":160,"column":20},"end":{"line":160,"column":60}},"59":{"start":{"line":160,"column":42},"end":{"line":160,"column":47}},"60":{"start":{"line":161,"column":8},"end":{"line":161,"column":52}},"61":{"start":{"line":164,"column":23},"end":{"line":164,"column":39}},"62":{"start":{"line":166,"column":23},"end":{"line":166,"column":46}},"63":{"start":{"line":174,"column":4},"end":{"line":219,"column":6}},"64":{"start":{"line":175,"column":8},"end":{"line":177,"column":9}},"65":{"start":{"line":176,"column":12},"end":{"line":176,"column":98}},"66":{"start":{"line":178,"column":8},"end":{"line":215,"column":10}},"67":{"start":{"line":181,"column":33},"end":{"line":181,"column":73}},"68":{"start":{"line":182,"column":33},"end":{"line":204,"column":13}},"69":{"start":{"line":184,"column":20},"end":{"line":202,"column":21}},"70":{"start":{"line":186,"column":24},"end":{"line":188,"column":70}},"71":{"start":{"line":187,"column":47},"end":{"line":187,"column":69}},"72":{"start":{"line":188,"column":45},"end":{"line":188,"column":65}},"73":{"start":{"line":191,"column":41},"end":{"line":191,"column":58}},"74":{"start":{"line":193,"column":24},"end":{"line":201,"column":26}},"75":{"start":{"line":197,"column":28},"end":{"line":197,"column":107}},"76":{"start":{"line":200,"column":28},"end":{"line":200,"column":48}},"77":{"start":{"line":206,"column":12},"end":{"line":206,"column":44}},"78":{"start":{"line":209,"column":12},"end":{"line":209,"column":40}},"79":{"start":{"line":211,"column":12},"end":{"line":214,"column":89}},"80":{"start":{"line":213,"column":29},"end":{"line":213,"column":85}},"81":{"start":{"line":214,"column":27},"end":{"line":214,"column":86}},"82":{"start":{"line":217,"column":8},"end":{"line":217,"column":24}},"83":{"start":{"line":218,"column":8},"end":{"line":218,"column":81}},"84":{"start":{"line":224,"column":0},"end":{"line":242,"column":1}},"85":{"start":{"line":226,"column":19},"end":{"line":226,"column":40}},"86":{"start":{"line":227,"column":4},"end":{"line":230,"column":5}},"87":{"start":{"line":228,"column":20},"end":{"line":228,"column":60}},"88":{"start":{"line":228,"column":42},"end":{"line":228,"column":47}},"89":{"start":{"line":229,"column":8},"end":{"line":229,"column":52}},"90":{"start":{"line":231,"column":15},"end":{"line":231,"column":28}},"91":{"start":{"line":233,"column":82},"end":{"line":233,"column":98}},"92":{"start":{"line":234,"column":4},"end":{"line":241,"column":7}},"93":{"start":{"line":238,"column":8},"end":{"line":238,"column":73}},"94":{"start":{"line":240,"column":8},"end":{"line":240,"column":85}},"95":{"start":{"line":244,"column":0},"end":{"line":246,"column":1}},"96":{"start":{"line":245,"column":4},"end":{"line":245,"column":14}}},"fnMap":{"0":{"name":"(anonymous_0)","decl":{"start":{"line":13,"column":24},"end":{"line":13,"column":25}},"loc":{"start":{"line":13,"column":38},"end":{"line":36,"column":1}},"line":13},"1":{"name":"(anonymous_1)","decl":{"start":{"line":18,"column":10},"end":{"line":18,"column":11}},"loc":{"start":{"line":18,"column":24},"end":{"line":30,"column":5}},"line":18},"2":{"name":"(anonymous_2)","decl":{"start":{"line":20,"column":46},"end":{"line":20,"column":47}},"loc":{"start":{"line":20,"column":65},"end":{"line":23,"column":13}},"line":20},"3":{"name":"(anonymous_3)","decl":{"start":{"line":31,"column":11},"end":{"line":31,"column":12}},"loc":{"start":{"line":31,"column":18},"end":{"line":35,"column":5}},"line":31},"4":{"name":"(anonymous_4)","decl":{"start":{"line":38,"column":18},"end":{"line":38,"column":19}},"loc":{"start":{"line":38,"column":32},"end":{"line":87,"column":1}},"line":38},"5":{"name":"(anonymous_5)","decl":{"start":{"line":44,"column":14},"end":{"line":44,"column":15}},"loc":{"start":{"line":44,"column":28},"end":{"line":58,"column":9}},"line":44},"6":{"name":"(anonymous_6)","decl":{"start":{"line":47,"column":50},"end":{"line":47,"column":51}},"loc":{"start":{"line":47,"column":69},"end":{"line":50,"column":17}},"line":47},"7":{"name":"(anonymous_7)","decl":{"start":{"line":59,"column":15},"end":{"line":59,"column":16}},"loc":{"start":{"line":59,"column":22},"end":{"line":63,"column":9}},"line":59},"8":{"name":"(anonymous_8)","decl":{"start":{"line":89,"column":18},"end":{"line":89,"column":19}},"loc":{"start":{"line":89,"column":32},"end":{"line":112,"column":1}},"line":89},"9":{"name":"(anonymous_9)","decl":{"start":{"line":92,"column":14},"end":{"line":92,"column":15}},"loc":{"start":{"line":92,"column":28},"end":{"line":106,"column":9}},"line":92},"10":{"name":"(anonymous_10)","decl":{"start":{"line":95,"column":50},"end":{"line":95,"column":51}},"loc":{"start":{"line":95,"column":69},"end":{"line":98,"column":17}},"line":95},"11":{"name":"(anonymous_11)","decl":{"start":{"line":107,"column":15},"end":{"line":107,"column":16}},"loc":{"start":{"line":107,"column":22},"end":{"line":111,"column":9}},"line":107},"12":{"name":"(anonymous_12)","decl":{"start":{"line":114,"column":19},"end":{"line":114,"column":20}},"loc":{"start":{"line":114,"column":33},"end":{"line":127,"column":1}},"line":114},"13":{"name":"(anonymous_13)","decl":{"start":{"line":117,"column":14},"end":{"line":117,"column":15}},"loc":{"start":{"line":117,"column":22},"end":{"line":123,"column":9}},"line":117},"14":{"name":"(anonymous_14)","decl":{"start":{"line":124,"column":15},"end":{"line":124,"column":16}},"loc":{"start":{"line":124,"column":22},"end":{"line":126,"column":9}},"line":124},"15":{"name":"(anonymous_15)","decl":{"start":{"line":134,"column":25},"end":{"line":134,"column":26}},"loc":{"start":{"line":134,"column":39},"end":{"line":153,"column":1}},"line":134},"16":{"name":"(anonymous_16)","decl":{"start":{"line":139,"column":14},"end":{"line":139,"column":15}},"loc":{"start":{"line":139,"column":22},"end":{"line":147,"column":9}},"line":139},"17":{"name":"(anonymous_17)","decl":{"start":{"line":148,"column":15},"end":{"line":148,"column":16}},"loc":{"start":{"line":148,"column":22},"end":{"line":152,"column":9}},"line":148},"18":{"name":"(anonymous_18)","decl":{"start":{"line":155,"column":17},"end":{"line":155,"column":18}},"loc":{"start":{"line":155,"column":31},"end":{"line":220,"column":1}},"line":155},"19":{"name":"(anonymous_19)","decl":{"start":{"line":160,"column":39},"end":{"line":160,"column":40}},"loc":{"start":{"line":160,"column":42},"end":{"line":160,"column":47}},"line":160},"20":{"name":"(anonymous_20)","decl":{"start":{"line":174,"column":36},"end":{"line":174,"column":37}},"loc":{"start":{"line":174,"column":49},"end":{"line":216,"column":5}},"line":174},"21":{"name":"(anonymous_21)","decl":{"start":{"line":179,"column":14},"end":{"line":179,"column":15}},"loc":{"start":{"line":179,"column":21},"end":{"line":207,"column":9}},"line":179},"22":{"name":"(anonymous_22)","decl":{"start":{"line":183,"column":16},"end":{"line":183,"column":17}},"loc":{"start":{"line":183,"column":35},"end":{"line":203,"column":17}},"line":183},"23":{"name":"(anonymous_23)","decl":{"start":{"line":187,"column":35},"end":{"line":187,"column":36}},"loc":{"start":{"line":187,"column":45},"end":{"line":187,"column":71}},"line":187},"24":{"name":"(anonymous_24)","decl":{"start":{"line":188,"column":36},"end":{"line":188,"column":37}},"loc":{"start":{"line":188,"column":43},"end":{"line":188,"column":67}},"line":188},"25":{"name":"(anonymous_25)","decl":{"start":{"line":196,"column":31},"end":{"line":196,"column":32}},"loc":{"start":{"line":197,"column":28},"end":{"line":197,"column":107}},"line":197},"26":{"name":"(anonymous_26)","decl":{"start":{"line":198,"column":32},"end":{"line":198,"column":33}},"loc":{"start":{"line":198,"column":37},"end":{"line":201,"column":25}},"line":198},"27":{"name":"(anonymous_27)","decl":{"start":{"line":208,"column":15},"end":{"line":208,"column":16}},"loc":{"start":{"line":208,"column":20},"end":{"line":215,"column":9}},"line":208},"28":{"name":"(anonymous_28)","decl":{"start":{"line":213,"column":19},"end":{"line":213,"column":20}},"loc":{"start":{"line":213,"column":29},"end":{"line":213,"column":85}},"line":213},"29":{"name":"(anonymous_29)","decl":{"start":{"line":214,"column":20},"end":{"line":214,"column":21}},"loc":{"start":{"line":214,"column":27},"end":{"line":214,"column":86}},"line":214},"30":{"name":"(anonymous_30)","decl":{"start":{"line":216,"column":13},"end":{"line":216,"column":14}},"loc":{"start":{"line":216,"column":20},"end":{"line":219,"column":5}},"line":216},"31":{"name":"(anonymous_31)","decl":{"start":{"line":224,"column":17},"end":{"line":224,"column":18}},"loc":{"start":{"line":224,"column":31},"end":{"line":242,"column":1}},"line":224},"32":{"name":"(anonymous_32)","decl":{"start":{"line":228,"column":39},"end":{"line":228,"column":40}},"loc":{"start":{"line":228,"column":42},"end":{"line":228,"column":47}},"line":228},"33":{"name":"(anonymous_33)","decl":{"start":{"line":237,"column":11},"end":{"line":237,"column":12}},"loc":{"start":{"line":237,"column":17},"end":{"line":239,"column":5}},"line":237},"34":{"name":"(anonymous_34)","decl":{"start":{"line":239,"column":13},"end":{"line":239,"column":14}},"loc":{"start":{"line":239,"column":20},"end":{"line":241,"column":5}},"line":239},"35":{"name":"(anonymous_35)","decl":{"start":{"line":244,"column":14},"end":{"line":244,"column":15}},"loc":{"start":{"line":244,"column":22},"end":{"line":246,"column":1}},"line":244}},"branchMap":{"0":{"loc":{"start":{"line":14,"column":19},"end":{"line":14,"column":71}},"type":"cond-expr","locations":[{"start":{"line":14,"column":38},"end":{"line":14,"column":64}},{"start":{"line":14,"column":67},"end":{"line":14,"column":71}}],"line":14},"1":{"loc":{"start":{"line":15,"column":18},"end":{"line":15,"column":68}},"type":"cond-expr","locations":[{"start":{"line":15,"column":36},"end":{"line":15,"column":61}},{"start":{"line":15,"column":64},"end":{"line":15,"column":68}}],"line":15},"2":{"loc":{"start":{"line":19,"column":8},"end":{"line":29,"column":9}},"type":"if","locations":[{"start":{"line":19,"column":8},"end":{"line":29,"column":9}},{"start":{"line":25,"column":15},"end":{"line":29,"column":9}}],"line":19},"3":{"loc":{"start":{"line":40,"column":19},"end":{"line":40,"column":71}},"type":"cond-expr","locations":[{"start":{"line":40,"column":38},"end":{"line":40,"column":64}},{"start":{"line":40,"column":67},"end":{"line":40,"column":71}}],"line":40},"4":{"loc":{"start":{"line":41,"column":18},"end":{"line":41,"column":68}},"type":"cond-expr","locations":[{"start":{"line":41,"column":36},"end":{"line":41,"column":61}},{"start":{"line":41,"column":64},"end":{"line":41,"column":68}}],"line":41},"5":{"loc":{"start":{"line":45,"column":12},"end":{"line":57,"column":13}},"type":"if","locations":[{"start":{"line":45,"column":12},"end":{"line":57,"column":13}},{"start":{"line":53,"column":19},"end":{"line":57,"column":13}}],"line":45},"6":{"loc":{"start":{"line":90,"column":18},"end":{"line":90,"column":68}},"type":"cond-expr","locations":[{"start":{"line":90,"column":36},"end":{"line":90,"column":61}},{"start":{"line":90,"column":64},"end":{"line":90,"column":68}}],"line":90},"7":{"loc":{"start":{"line":93,"column":12},"end":{"line":105,"column":13}},"type":"if","locations":[{"st
[...]
0},"end":{"line":123,"column":40}},"46":{"start":{"line":124,"column":33},"end":{"line":124,"column":52}},"47":{"start":{"line":125,"column":16},"end":{"line":136,"column":19}},"48":{"start":{"line":129,"column":20},"end":{"line":131,"column":23}},"49":{"start":{"line":133,"column":20},"end":{"line":135,"column":23}},"50":{"start":{"line":138,"column":16},"end":{"line":140,"column":19}},"51":{"start":{"line":144,"column":12},"end":{"line":146,"column":15}},"52":{"start":{"line":202,"column":0},"end":{"line":218,"column":1}},"53":{"start":{"line":204,"column":19},"end":{"line":204,"column":40}},"54":{"start":{"line":205,"column":4},"end":{"line":208,"column":5}},"55":{"start":{"line":206,"column":8},"end":{"line":206,"column":35}},"56":{"start":{"line":207,"column":8},"end":{"line":207,"column":60}},"57":{"start":{"line":210,"column":15},"end":{"line":210,"column":28}},"58":{"start":{"line":211,"column":4},"end":{"line":217,"column":7}},"59":{"start":{"line":214,"column":8},"end":{"line":214,"column":66}},"60":{"start":{"line":216,"column":8},"end":{"line":216,"column":92}}},"fnMap":{"0":{"name":"(anonymous_0)","decl":{"start":{"line":11,"column":18},"end":{"line":11,"column":19}},"loc":{"start":{"line":11,"column":32},"end":{"line":25,"column":1}},"line":11},"1":{"name":"(anonymous_1)","decl":{"start":{"line":13,"column":14},"end":{"line":13,"column":15}},"loc":{"start":{"line":13,"column":22},"end":{"line":18,"column":9}},"line":13},"2":{"name":"(anonymous_2)","decl":{"start":{"line":19,"column":15},"end":{"line":19,"column":16}},"loc":{"start":{"line":19,"column":22},"end":{"line":24,"column":9}},"line":19},"3":{"name":"(anonymous_3)","decl":{"start":{"line":32,"column":19},"end":{"line":32,"column":20}},"loc":{"start":{"line":32,"column":33},"end":{"line":45,"column":1}},"line":32},"4":{"name":"(anonymous_4)","decl":{"start":{"line":35,"column":14},"end":{"line":35,"column":15}},"loc":{"start":{"line":35,"column":22},"end":{"line":41,"column":9}},"line":35},"5":{"name":"(anonymous_5)","decl":{"start":{"line":42,"column":15},"end":{"line":42,"column":16}},"loc":{"start":{"line":42,"column":22},"end":{"line":44,"column":9}},"line":42},"6":{"name":"(anonymous_6)","decl":{"start":{"line":51,"column":19},"end":{"line":51,"column":20}},"loc":{"start":{"line":51,"column":33},"end":{"line":66,"column":1}},"line":51},"7":{"name":"(anonymous_7)","decl":{"start":{"line":54,"column":14},"end":{"line":54,"column":15}},"loc":{"start":{"line":54,"column":22},"end":{"line":61,"column":9}},"line":54},"8":{"name":"(anonymous_8)","decl":{"start":{"line":62,"column":15},"end":{"line":62,"column":16}},"loc":{"start":{"line":62,"column":22},"end":{"line":64,"column":9}},"line":62},"9":{"name":"(anonymous_9)","decl":{"start":{"line":73,"column":22},"end":{"line":73,"column":23}},"loc":{"start":{"line":73,"column":36},"end":{"line":91,"column":1}},"line":73},"10":{"name":"(anonymous_10)","decl":{"start":{"line":77,"column":14},"end":{"line":77,"column":15}},"loc":{"start":{"line":77,"column":22},"end":{"line":85,"column":9}},"line":77},"11":{"name":"(anonymous_11)","decl":{"start":{"line":86,"column":15},"end":{"line":86,"column":16}},"loc":{"start":{"line":86,"column":22},"end":{"line":90,"column":9}},"line":86},"12":{"name":"(anonymous_12)","decl":{"start":{"line":99,"column":17},"end":{"line":99,"column":18}},"loc":{"start":{"line":99,"column":31},"end":{"line":200,"column":1}},"line":99},"13":{"name":"(anonymous_13)","decl":{"start":{"line":108,"column":39},"end":{"line":108,"column":40}},"loc":{"start":{"line":108,"column":42},"end":{"line":108,"column":47}},"line":108},"14":{"name":"(anonymous_14)","decl":{"start":{"line":118,"column":14},"end":{"line":118,"column":15}},"loc":{"start":{"line":118,"column":22},"end":{"line":142,"column":9}},"line":118},"15":{"name":"(anonymous_15)","decl":{"start":{"line":128,"column":23},"end":{"line":128,"column":24}},"loc":{"start":{"line":128,"column":29},"end":{"line":132,"column":17}},"line":128},"16":{"name":"(anonymous_16)","decl":{"start":{"line":132,"column":25},"end":{"line":132,"column":26}},"loc":{"start":{"line":132,"column":32},"end":{"line":136,"column":17}},"line":132},"17":{"name":"(anonymous_17)","decl":{"start":{"line":143,"column":15},"end":{"line":143,"column":16}},"loc":{"start":{"line":143,"column":22},"end":{"line":147,"column":9}},"line":143},"18":{"name":"(anonymous_18)","decl":{"start":{"line":202,"column":17},"end":{"line":202,"column":18}},"loc":{"start":{"line":202,"column":31},"end":{"line":218,"column":1}},"line":202},"19":{"name":"(anonymous_19)","decl":{"start":{"line":213,"column":11},"end":{"line":213,"column":12}},"loc":{"start":{"line":213,"column":21},"end":{"line":215,"column":5}},"line":213},"20":{"name":"(anonymous_20)","decl":{"start":{"line":215,"column":13},"end":{"line":215,"column":14}},"loc":{"start":{"line":215,"column":20},"end":{"line":217,"column":5}},"line":215}},"branchMap":{"0":{"loc":{"start":{"line":14,"column":12},"end":{"line":17,"column":69}},"type":"if","locations":[{"start":{"line":14,"column":12},"end":{"line":17,"column":69}},{"start":{"line":17,"column":16},"end":{"line":17,"column":69}}],"line":14},"1":{"loc":{"start":{"line":22,"column":20},"end":{"line":22,"column":52}},"type":"binary-expr","locations":[{"start":{"line":22,"column":20},"end":{"line":22,"column":31}},{"start":{"line":22,"column":35},"end":{"line":22,"column":52}}],"line":22},"2":{"loc":{"start":{"line":36,"column":12},"end":{"line":40,"column":13}},"type":"if","locations":[{"start":{"line":36,"column":12},"end":{"line":40,"column":13}},{"start":{"line":38,"column":19},"end":{"line":40,"column":13}}],"line":36},"3":{"loc":{"start":{"line":55,"column":12},"end":{"line":60,"column":84}},"type":"if","locations":[{"start":{"line":55,"column":12},"end":{"line":60,"column":84}},{"start":{"line":60,"column":16},"end":{"line":60,"column":84}}],"line":55},"4":{"loc":{"start":{"line":78,"column":12},"end":{"line":84,"column":13}},"type":"if","locations":[{"start":{"line":78,"column":12},"end":{"line":84,"column":13}},{"start":{"line":80,"column":19},"end":{"line":84,"column":13}}],"line":78},"5":{"loc":{"start":{"line":107,"column":4},"end":{"line":110,"column":5}},"type":"if","locations":[{"start":{"line":107,"column":4},"end":{"line":110,"column":5}},{"start":{},"end":{}}],"line":107},"6":{"loc":{"start":{"line":119,"column":12},"end":{"line":141,"column":13}},"type":"if","locations":[{"start":{"line":119,"column":12},"end":{"line":141,"column":13}},{"start":{"line":137,"column":19},"end":{"line":141,"column":13}}],"line":119},"7":{"loc":{"start":{"line":205,"column":4},"end":{"line":208,"column":5}},"type":"if","locations":[{"start":{"line":205,"column":4},"end":{"line":208,"column":5}},{"start":{},"end":{}}],"line":205}},"s":{"0":1,"1":1,"2":1,"3":1,"4":1,"5":1,"6":0,"7":0,"8":0,"9":0,"10":0,"11":1,"12":0,"13":0,"14":0,"15":0,"16":0,"17":0,"18":1,"19":0,"20":0,"21":0,"22":0,"23":0,"24":0,"25":0,"26":1,"27":0,"28":0,"29":0,"30":0,"31":0,"32":0,"33":1,"34":0,"35":0,"36":0,"37":0,"38":0,"39":0,"40":0,"41":0,"42":0,"43":0,"44":0,"45":0,"46":0,"47":0,"48":0,"49":0,"50":0,"51":0,"52":1,"53":0,"54":0,"55":0,"56":0,"57":0,"58":0,"59":0,"60":0},"f":{"0":0,"1":0,"2":0,"3":0,"4":0,"5":0,"6":0,"7":0,"8":0,"9":0,"10":0,"11":0,"12":0,"13":0,"14":0,"15":0,"16":0,"17":0,"18":0,"19":0,"20":0},"b":{"0":[0,0],"1":[0,0],"2":[0,0],"3":[0,0],"4":[0,0],"5":[0,0],"6":[0,0],"7":[0,0]},"_coverageSchema":"1a1c01bbd47fc00a2c39e90264f33305004495a9","hash":"82c4dd5aeae749072fc19864b0e4e2615f6b77e0"}
,"C:\\Users\\david\\Documents\\projets\\lapasserelle2\\Projet_fin_formation\\bio_ecommerce\\backend\\src\\middelwares\\middelwareAuth.js": {"path":"C:\\Users\\david\\Documents\\projets\\lapasserelle2\\Projet_fin_formation\\bio_ecommerce\\backend\\src\\middelwares\\middelwareAuth.js","statementMap":{"0":{"start":{"line":1,"column":12},"end":{"line":1,"column":35}},"1":{"start":{"line":3,"column":0},"end":{"line":20,"column":1}},"2":{"start":{"line":8,"column":25},"end":{"line":8,"column":49}},"3":{"start":{"line":9,"column":4},"end":{"line":11,"column":5}},"4":{"start":{"line":10,"column":8},"end":{"line":10,"column":72}},"5":{"start":{"line":13,"column":4},"end":{"line":19,"column":7}},"6":{"start":{"line":14,"column":8},"end":{"line":16,"column":9}},"7":{"start":{"line":15,"column":10},"end":{"line":15,"column":75}},"8":{"start":{"line":17,"column":8},"end":{"line":17,"column":24}},"9":{"start":{"line":18,"column":8},"end":{"line":18,"column":15}},"10":{"start":{"line":22,"column":0},"end":{"line":38,"column":1}},"11":{"start":{"line":23,"column":23},"end":{"line":23,"column":47}},"12":{"start":{"line":24,"column":2},"end":{"line":26,"column":3}},"13":{"start":{"line":25,"column":6},"end":{"line":25,"column":70}},"14":{"start":{"line":28,"column":2},"end":{"line":37,"column":5}},"15":{"start":{"line":29,"column":6},"end":{"line":31,"column":7}},"16":{"start":{"line":30,"column":10},"end":{"line":30,"column":71}},"17":{"start":{"line":32,"column":6},"end":{"line":34,"column":7}},"18":{"start":{"line":33,"column":8},"end":{"line":33,"column":82}},"19":{"start":{"line":35,"column":6},"end":{"line":35,"column":22}},"20":{"start":{"line":36,"column":6},"end":{"line":36,"column":13}}},"fnMap":{"0":{"name":"(anonymous_0)","decl":{"start":{"line":3,"column":21},"end":{"line":3,"column":22}},"loc":{"start":{"line":3,"column":41},"end":{"line":20,"column":1}},"line":3},"1":{"name":"(anonymous_1)","decl":{"start":{"line":13,"column":53},"end":{"line":13,"column":54}},"loc":{"start":{"line":13,"column":68},"end":{"line":19,"column":5}},"line":13},"2":{"name":"(anonymous_2)","decl":{"start":{"line":22,"column":21},"end":{"line":22,"column":22}},"loc":{"start":{"line":22,"column":41},"end":{"line":38,"column":1}},"line":22},"3":{"name":"(anonymous_3)","decl":{"start":{"line":28,"column":51},"end":{"line":28,"column":52}},"loc":{"start":{"line":28,"column":66},"end":{"line":37,"column":3}},"line":28}},"branchMap":{"0":{"loc":{"start":{"line":9,"column":4},"end":{"line":11,"column":5}},"type":"if","locations":[{"start":{"line":9,"column":4},"end":{"line":11,"column":5}},{"start":{},"end":{}}],"line":9},"1":{"loc":{"start":{"line":14,"column":8},"end":{"line":16,"column":9}},"type":"if","locations":[{"start":{"line":14,"column":8},"end":{"line":16,"column":9}},{"start":{},"end":{}}],"line":14},"2":{"loc":{"start":{"line":24,"column":2},"end":{"line":26,"column":3}},"type":"if","locations":[{"start":{"line":24,"column":2},"end":{"line":26,"column":3}},{"start":{},"end":{}}],"line":24},"3":{"loc":{"start":{"line":29,"column":6},"end":{"line":31,"column":7}},"type":"if","locations":[{"start":{"line":29,"column":6},"end":{"line":31,"column":7}},{"start":{},"end":{}}],"line":29},"4":{"loc":{"start":{"line":32,"column":6},"end":{"line":34,"column":7}},"type":"if","locations":[{"start":{"line":32,"column":6},"end":{"line":34,"column":7}},{"start":{},"end":{}}],"line":32}},"s":{"0":1,"1":1,"2":0,"3":0,"4":0,"5":0,"6":0,"7":0,"8":0,"9":0,"10":1,"11":0,"12":0,"13":0,"14":0,"15":0,"16":0,"17":0,"18":0,"19":0,"20":0},"f":{"0":0,"1":0,"2":0,"3":0},"b":{"0":[0,0],"1":[0,0],"2":[0,0],"3":[0,0],"4":[0,0]},"_coverageSchema":"1a1c01bbd47fc00a2c39e90264f33305004495a9","hash":"50d3d3bbf7108443566124210574fd77c54363ee"}
,"C:\\Users\\david\\Documents\\projets\\lapasserelle2\\Projet_fin_formation\\bio_ecommerce\\backend\\src\\middelwares\\sanitizeValidate.js": {"path":"C:\\Users\\david\\Documents\\projets\\lapasserelle2\\Projet_fin_formation\\bio_ecommerce\\backend\\src\\middelwares\\sanitizeValidate.js","statementMap":{"0":{"start":{"line":1,"column":88},"end":{"line":1,"column":116}},"1":{"start":{"line":2,"column":0},"end":{"line":27,"column":1}},"2":{"start":{"line":29,"column":0},"end":{"line":48,"column":1}},"3":{"start":{"line":50,"column":0},"end":{"line":72,"column":1}},"4":{"start":{"line":74,"column":0},"end":{"line":114,"column":1}},"5":{"start":{"line":116,"column":0},"end":{"line":119,"column":1}},"6":{"start":{"line":124,"column":0},"end":{"line":151,"column":1}},"7":{"start":{"line":154,"column":0},"end":{"line":163,"column":1}},"8":{"start":{"line":165,"column":0},"end":{"line":174,"column":1}},"9":{"start":{"line":176,"column":0},"end":{"line":181,"column":1}}},"fnMap":{},"branchMap":{},"s":{"0":1,"1":1,"2":1,"3":1,"4":1,"5":1,"6":1,"7":1,"8":1,"9":1},"f":{},"b":{},"_coverageSchema":"1a1c01bbd47fc00a2c39e90264f33305004495a9","hash":"3c4d178c24a924f4000d0c55e2e33763699b371e"}
,"C:\\Users\\david\\Documents\\projets\\lapasserelle2\\Projet_fin_formation\\bio_ecommerce\\backend\\src\\middelwares\\unescapeJson.js": {"path":"C:\\Users\\david\\Documents\\projets\\lapasserelle2\\Projet_fin_formation\\bio_ecommerce\\backend\\src\\middelwares\\unescapeJson.js","statementMap":{"0":{"start":{"line":3,"column":0},"end":{"line":8,"column":1}},"1":{"start":{"line":4,"column":20},"end":{"line":4,"column":55}},"2":{"start":{"line":5,"column":2},"end":{"line":5,"column":53}},"3":{"start":{"line":6,"column":2},"end":{"line":6,"column":52}},"4":{"start":{"line":7,"column":2},"end":{"line":7,"column":20}},"5":{"start":{"line":11,"column":0},"end":{"line":43,"column":1}},"6":{"start":{"line":13,"column":2},"end":{"line":13,"column":32}},"7":{"start":{"line":16,"column":4},"end":{"line":18,"column":5}},"8":{"start":{"line":17,"column":6},"end":{"line":17,"column":17}},"9":{"start":{"line":20,"column":4},"end":{"line":22,"column":5}},"10":{"start":{"line":21,"column":6},"end":{"line":21,"column":60}},"11":{"start":{"line":21,"column":29},"end":{"line":21,"column":58}},"12":{"start":{"line":24,"column":21},"end":{"line":24,"column":23}},"13":{"start":{"line":26,"column":4},"end":{"line":26,"column":24}},"14":{"start":{"line":28,"column":4},"end":{"line":36,"column":5}},"15":{"start":{"line":29,"column":6},"end":{"line":35,"column":7}},"16":{"start":{"line":30,"column":8},"end":{"line":34,"column":9}},"17":{"start":{"line":31,"column":10},"end":{"line":31,"column":52}},"18":{"start":{"line":33,"column":10},"end":{"line":33,"column":62}},"19":{"start":{"line":38,"column":4},"end":{"line":38,"column":20}},"20":{"start":{"line":40,"column":4},"end":{"line":40,"column":22}},"21":{"start":{"line":46,"column":0},"end":{"line":77,"column":1}},"22":{"start":{"line":48,"column":2},"end":{"line":48,"column":32}},"23":{"start":{"line":51,"column":4},"end":{"line":53,"column":5}},"24":{"start":{"line":52,"column":6},"end":{"line":52,"column":17}},"25":{"start":{"line":55,"column":4},"end":{"line":57,"column":5}},"26":{"start":{"line":56,"column":6},"end":{"line":56,"column":60}},"27":{"start":{"line":56,"column":29},"end":{"line":56,"column":58}},"28":{"start":{"line":59,"column":21},"end":{"line":59,"column":23}},"29":{"start":{"line":61,"column":4},"end":{"line":61,"column":24}},"30":{"start":{"line":63,"column":4},"end":{"line":71,"column":5}},"31":{"start":{"line":64,"column":6},"end":{"line":70,"column":7}},"32":{"start":{"line":65,"column":8},"end":{"line":69,"column":9}},"33":{"start":{"line":66,"column":10},"end":{"line":66,"column":52}},"34":{"start":{"line":68,"column":10},"end":{"line":68,"column":62}},"35":{"start":{"line":73,"column":4},"end":{"line":73,"column":20}},"36":{"start":{"line":75,"column":4},"end":{"line":75,"column":22}}},"fnMap":{"0":{"name":"(anonymous_0)","decl":{"start":{"line":3,"column":17},"end":{"line":3,"column":18}},"loc":{"start":{"line":3,"column":30},"end":{"line":8,"column":1}},"line":3},"1":{"name":"(anonymous_1)","decl":{"start":{"line":11,"column":20},"end":{"line":11,"column":21}},"loc":{"start":{"line":11,"column":33},"end":{"line":43,"column":1}},"line":11},"2":{"name":"decodeObject","decl":{"start":{"line":15,"column":11},"end":{"line":15,"column":23}},"loc":{"start":{"line":15,"column":45},"end":{"line":41,"column":3}},"line":15},"3":{"name":"(anonymous_3)","decl":{"start":{"line":21,"column":21},"end":{"line":21,"column":22}},"loc":{"start":{"line":21,"column":29},"end":{"line":21,"column":58}},"line":21},"4":{"name":"(anonymous_4)","decl":{"start":{"line":46,"column":22},"end":{"line":46,"column":23}},"loc":{"start":{"line":46,"column":44},"end":{"line":77,"column":1}},"line":46},"5":{"name":"decodeObject","decl":{"start":{"line":50,"column":11},"end":{"line":50,"column":23}},"loc":{"start":{"line":50,"column":45},"end":{"line":76,"column":3}},"line":50},"6":{"name":"(anonymous_6)","decl":{"start":{"line":56,"column":21},"end":{"line":56,"column":22}},"loc":{"start":{"line":56,"column":29},"end":{"line":56,"column":58}},"line":56}},"branchMap":{"0":{"loc":{"start":{"line":15,"column":29},"end":{"line":15,"column":43}},"type":"default-arg","locations":[{"start":{"line":15,"column":41},"end":{"line":15,"column":43}}],"line":15},"1":{"loc":{"start":{"line":16,"column":4},"end":{"line":18,"column":5}},"type":"if","locations":[{"start":{"line":16,"column":4},"end":{"line":18,"column":5}},{"start":{},"end":{}}],"line":16},"2":{"loc":{"start":{"line":16,"column":8},"end":{"line":16,"column":74}},"type":"binary-expr","locations":[{"start":{"line":16,"column":8},"end":{"line":16,"column":31}},{"start":{"line":16,"column":35},"end":{"line":16,"column":47}},{"start":{"line":16,"column":51},"end":{"line":16,"column":74}}],"line":16},"3":{"loc":{"start":{"line":20,"column":4},"end":{"line":22,"column":5}},"type":"if","locations":[{"start":{"line":20,"column":4},"end":{"line":22,"column":5}},{"start":{},"end":{}}],"line":20},"4":{"loc":{"start":{"line":29,"column":6},"end":{"line":35,"column":7}},"type":"if","locations":[{"start":{"line":29,"column":6},"end":{"line":35,"column":7}},{"start":{},"end":{}}],"line":29},"5":{"loc":{"start":{"line":30,"column":8},"end":{"line":34,"column":9}},"type":"if","locations":[{"start":{"line":30,"column":8},"end":{"line":34,"column":9}},{"start":{"line":32,"column":15},"end":{"line":34,"column":9}}],"line":30},"6":{"loc":{"start":{"line":50,"column":29},"end":{"line":50,"column":43}},"type":"default-arg","locations":[{"start":{"line":50,"column":41},"end":{"line":50,"column":43}}],"line":50},"7":{"loc":{"start":{"line":51,"column":4},"end":{"line":53,"column":5}},"type":"if","locations":[{"start":{"line":51,"column":4},"end":{"line":53,"column":5}},{"start":{},"end":{}}],"line":51},"8":{"loc":{"start":{"line":51,"column":8},"end":{"line":51,"column":74}},"type":"binary-expr","locations":[{"start":{"line":51,"column":8},"end":{"line":51,"column":31}},{"start":{"line":51,"column":35},"end":{"line":51,"column":47}},{"start":{"line":51,"column":51},"end":{"line":51,"column":74}}],"line":51},"9":{"loc":{"start":{"line":55,"column":4},"end":{"line":57,"column":5}},"type":"if","locations":[{"start":{"line":55,"column":4},"end":{"line":57,"column":5}},{"start":{},"end":{}}],"line":55},"10":{"loc":{"start":{"line":64,"column":6},"end":{"line":70,"column":7}},"type":"if","locations":[{"start":{"line":64,"column":6},"end":{"line":70,"column":7}},{"start":{},"end":{}}],"line":64},"11":{"loc":{"start":{"line":65,"column":8},"end":{"line":69,"column":9}},"type":"if","locations":[{"start":{"line":65,"column":8},"end":{"line":69,"column":9}},{"start":{"line":67,"column":15},"end":{"line":69,"column":9}}],"line":65},"12":{"loc":{"start":{"line":65,"column":12},"end":{"line":65,"column":65}},"type":"binary-expr","locations":[{"start":{"line":65,"column":12},"end":{"line":65,"column":40}},{"start":{"line":65,"column":44},"end":{"line":65,"column":65}}],"line":65}},"s":{"0":1,"1":0,"2":0,"3":0,"4":0,"5":1,"6":0,"7":0,"8":0,"9":0,"10":0,"11":0,"12":0,"13":0,"14":0,"15":0,"16":0,"17":0,"18":0,"19":0,"20":0,"21":1,"22":0,"23":0,"24":0,"25":0,"26":0,"27":0,"28":0,"29":0,"30":0,"31":0,"32":0,"33":0,"34":0,"35":0,"36":0},"f":{"0":0,"1":0,"2":0,"3":0,"4":0,"5":0,"6":0},"b":{"0":[0],"1":[0,0],"2":[0,0,0],"3":[0,0],"4":[0,0],"5":[0,0],"6":[0],"7":[0,0],"8":[0,0,0],"9":[0,0],"10":[0,0],"11":[0,0],"12":[0,0]},"_coverageSchema":"1a1c01bbd47fc00a2c39e90264f33305004495a9","hash":"78bc97f2252aa4ab2ca12374d67dd608686b72c9"}
}
